info: Server started at http://localhost:3000/api/v1/ {"timestamp":"2025-03-24T03:53:22.732Z"}
info: Connected to the database. {"timestamp":"2025-03-24T03:53:22.748Z"}
info: Server started at http://localhost:3000/api/v1/ {"timestamp":"2025-03-24T04:10:09.849Z"}
info: Connected to the database. {"timestamp":"2025-03-24T04:10:09.863Z"}
info: Server started at http://localhost:3000/api/v1/ {"timestamp":"2025-03-24T05:48:19.495Z"}
info: Connected to the database. {"timestamp":"2025-03-24T05:48:19.504Z"}
info: Server started at http://localhost:3000/api/v1/ {"timestamp":"2025-03-24T05:48:27.941Z"}
info: Connected to the database. {"timestamp":"2025-03-24T05:48:27.949Z"}
info: Server started at http://localhost:3000/api/v1/ {"timestamp":"2025-03-24T05:49:11.306Z"}
info: Connected to the database. {"timestamp":"2025-03-24T05:49:11.315Z"}
info: Server started at http://localhost:3000/api/v1/ {"timestamp":"2025-03-24T05:49:31.027Z"}
info: Connected to the database. {"timestamp":"2025-03-24T05:49:31.035Z"}
error: 
    status - 500 
    message - Error: Item Not found in cart
    at _callee4$ (/Users/samarthmistry/Desktop/Codes/React_navtive/BookStore/BookStoreApi/src/services/book.service.js:67:15)
    at tryCatch (/Users/samarthmistry/Desktop/Codes/React_navtive/BookStore/BookStoreApi/node_modules/@babel/runtime/helpers/regeneratorRuntime.js:45:16)
    at Generator.<anonymous> (/Users/samarthmistry/Desktop/Codes/React_navtive/BookStore/BookStoreApi/node_modules/@babel/runtime/helpers/regeneratorRuntime.js:133:17)
    at Generator.next (/Users/samarthmistry/Desktop/Codes/React_navtive/BookStore/BookStoreApi/node_modules/@babel/runtime/helpers/regeneratorRuntime.js:74:21)
    at asyncGeneratorStep (/Users/samarthmistry/Desktop/Codes/React_navtive/BookStore/BookStoreApi/node_modules/@babel/runtime/helpers/asyncToGenerator.js:3:17)
    at _next (/Users/samarthmistry/Desktop/Codes/React_navtive/BookStore/BookStoreApi/node_modules/@babel/runtime/helpers/asyncToGenerator.js:17:9)
    at processTicksAndRejections (node:internal/process/task_queues:105:5) 
    url - /api/v1/books/removeFromCart 
    method - PUT 
    IP - ::1
   {"timestamp":"2025-03-24T09:00:11.705Z"}
