info: Server started at http://localhost:3000/api/v1/ {"timestamp":"2025-03-28T04:23:44.041Z"}
info: Connected to the database. {"timestamp":"2025-03-28T04:23:44.063Z"}
info: Server started at http://localhost:3000/api/v1/ {"timestamp":"2025-03-28T04:27:38.121Z"}
info: Connected to the database. {"timestamp":"2025-03-28T04:27:38.134Z"}
info: Server started at http://localhost:3000/api/v1/ {"timestamp":"2025-03-28T04:29:52.267Z"}
info: Connected to the database. {"timestamp":"2025-03-28T04:29:52.276Z"}
info: Server started at http://localhost:3000/api/v1/ {"timestamp":"2025-03-28T04:31:06.595Z"}
info: Connected to the database. {"timestamp":"2025-03-28T04:31:06.604Z"}
info: Server started at http://localhost:3000/api/v1/ {"timestamp":"2025-03-28T04:31:23.543Z"}
info: Connected to the database. {"timestamp":"2025-03-28T04:31:23.551Z"}
info: Server started at http://localhost:3000/api/v1/ {"timestamp":"2025-03-28T04:31:36.172Z"}
info: Connected to the database. {"timestamp":"2025-03-28T04:31:36.180Z"}
info: Server started at http://localhost:3000/api/v1/ {"timestamp":"2025-03-28T04:31:39.141Z"}
info: Connected to the database. {"timestamp":"2025-03-28T04:31:39.149Z"}
info: Server started at http://localhost:3000/api/v1/ {"timestamp":"2025-03-28T04:31:42.556Z"}
info: Connected to the database. {"timestamp":"2025-03-28T04:31:42.565Z"}
info: Server started at http://localhost:3000/api/v1/ {"timestamp":"2025-03-28T04:32:02.905Z"}
info: Connected to the database. {"timestamp":"2025-03-28T04:32:02.913Z"}
info: Server started at http://localhost:3000/api/v1/ {"timestamp":"2025-03-28T04:32:22.507Z"}
info: Connected to the database. {"timestamp":"2025-03-28T04:32:22.516Z"}
info: Server started at http://localhost:3000/api/v1/ {"timestamp":"2025-03-28T04:33:07.020Z"}
info: Connected to the database. {"timestamp":"2025-03-28T04:33:07.030Z"}
info: Server started at http://localhost:3000/api/v1/ {"timestamp":"2025-03-28T04:34:03.309Z"}
info: Connected to the database. {"timestamp":"2025-03-28T04:34:03.317Z"}
info: Server started at http://localhost:3000/api/v1/ {"timestamp":"2025-03-28T04:35:03.810Z"}
info: Connected to the database. {"timestamp":"2025-03-28T04:35:03.819Z"}
info: Server started at http://localhost:3000/api/v1/ {"timestamp":"2025-03-28T04:36:58.904Z"}
info: Connected to the database. {"timestamp":"2025-03-28T04:36:58.912Z"}
error: 
      status - 400
      message - Authorization token is required 
      url - /api/v1/users 
      method - GET 
      IP - ::1
     {"timestamp":"2025-03-28T04:38:05.926Z"}
info: Server started at http://localhost:3000/api/v1/ {"timestamp":"2025-03-28T04:39:33.748Z"}
info: Connected to the database. {"timestamp":"2025-03-28T04:39:33.757Z"}
info: Server started at http://localhost:3000/api/v1/ {"timestamp":"2025-03-28T04:45:14.414Z"}
info: Connected to the database. {"timestamp":"2025-03-28T04:45:14.427Z"}
error: 
    status - 500 
    message - Error: User with email undefined does not exist
    at _callee2$ (/Users/samarthmistry/Desktop/Codes/React_navtive/BookStore/BookStoreApi/src/services/user.service.js:14:11)
    at tryCatch (/Users/samarthmistry/Desktop/Codes/React_navtive/BookStore/BookStoreApi/node_modules/@babel/runtime/helpers/regeneratorRuntime.js:45:16)
    at Generator.<anonymous> (/Users/samarthmistry/Desktop/Codes/React_navtive/BookStore/BookStoreApi/node_modules/@babel/runtime/helpers/regeneratorRuntime.js:133:17)
    at Generator.next (/Users/samarthmistry/Desktop/Codes/React_navtive/BookStore/BookStoreApi/node_modules/@babel/runtime/helpers/regeneratorRuntime.js:74:21)
    at asyncGeneratorStep (/Users/samarthmistry/Desktop/Codes/React_navtive/BookStore/BookStoreApi/node_modules/@babel/runtime/helpers/asyncToGenerator.js:3:17)
    at _next (/Users/samarthmistry/Desktop/Codes/React_navtive/BookStore/BookStoreApi/node_modules/@babel/runtime/helpers/asyncToGenerator.js:17:9)
    at processTicksAndRejections (node:internal/process/task_queues:105:5) 
    url - /api/v1/users/login 
    method - POST 
    IP - ::1
   {"timestamp":"2025-03-28T04:45:22.005Z"}
error: 
    status - 500 
    message - Error: User with email undefined does not exist
    at _callee2$ (/Users/samarthmistry/Desktop/Codes/React_navtive/BookStore/BookStoreApi/src/services/user.service.js:14:11)
    at tryCatch (/Users/samarthmistry/Desktop/Codes/React_navtive/BookStore/BookStoreApi/node_modules/@babel/runtime/helpers/regeneratorRuntime.js:45:16)
    at Generator.<anonymous> (/Users/samarthmistry/Desktop/Codes/React_navtive/BookStore/BookStoreApi/node_modules/@babel/runtime/helpers/regeneratorRuntime.js:133:17)
    at Generator.next (/Users/samarthmistry/Desktop/Codes/React_navtive/BookStore/BookStoreApi/node_modules/@babel/runtime/helpers/regeneratorRuntime.js:74:21)
    at asyncGeneratorStep (/Users/samarthmistry/Desktop/Codes/React_navtive/BookStore/BookStoreApi/node_modules/@babel/runtime/helpers/asyncToGenerator.js:3:17)
    at _next (/Users/samarthmistry/Desktop/Codes/React_navtive/BookStore/BookStoreApi/node_modules/@babel/runtime/helpers/asyncToGenerator.js:17:9)
    at processTicksAndRejections (node:internal/process/task_queues:105:5) 
    url - /api/v1/users/login 
    method - POST 
    IP - ::1
   {"timestamp":"2025-03-28T04:45:24.427Z"}
error: 
    status - 500 
    message - JsonWebTokenError: jwt must be provided
    at Object.verify (/Users/samarthmistry/Desktop/Codes/React_navtive/BookStore/BookStoreApi/node_modules/jsonwebtoken/verify.js:53:17)
    at _callee$ (/Users/samarthmistry/Desktop/Codes/React_navtive/BookStore/BookStoreApi/src/middlewares/auth.middleware.js:22:28)
    at tryCatch (/Users/samarthmistry/Desktop/Codes/React_navtive/BookStore/BookStoreApi/node_modules/@babel/runtime/helpers/regeneratorRuntime.js:45:16)
    at Generator.<anonymous> (/Users/samarthmistry/Desktop/Codes/React_navtive/BookStore/BookStoreApi/node_modules/@babel/runtime/helpers/regeneratorRuntime.js:133:17)
    at Generator.next (/Users/samarthmistry/Desktop/Codes/React_navtive/BookStore/BookStoreApi/node_modules/@babel/runtime/helpers/regeneratorRuntime.js:74:21)
    at asyncGeneratorStep (/Users/samarthmistry/Desktop/Codes/React_navtive/BookStore/BookStoreApi/node_modules/@babel/runtime/helpers/asyncToGenerator.js:3:17)
    at _next (/Users/samarthmistry/Desktop/Codes/React_navtive/BookStore/BookStoreApi/node_modules/@babel/runtime/helpers/asyncToGenerator.js:17:9)
    at /Users/samarthmistry/Desktop/Codes/React_navtive/BookStore/BookStoreApi/node_modules/@babel/runtime/helpers/asyncToGenerator.js:22:7
    at new Promise (<anonymous>)
    at apply (/Users/samarthmistry/Desktop/Codes/React_navtive/BookStore/BookStoreApi/node_modules/@babel/runtime/helpers/asyncToGenerator.js:14:12)
    at userAuth (/Users/samarthmistry/Desktop/Codes/React_navtive/BookStore/BookStoreApi/src/middlewares/auth.middleware.js:12:22)
    at Layer.handle [as handle_request] (/Users/samarthmistry/Desktop/Codes/React_navtive/BookStore/BookStoreApi/node_modules/express/lib/router/layer.js:95:5)
    at next (/Users/samarthmistry/Desktop/Codes/React_navtive/BookStore/BookStoreApi/node_modules/express/lib/router/route.js:149:13)
    at Route.dispatch (/Users/samarthmistry/Desktop/Codes/React_navtive/BookStore/BookStoreApi/node_modules/express/lib/router/route.js:119:3)
    at Layer.handle [as handle_request] (/Users/samarthmistry/Desktop/Codes/React_navtive/BookStore/BookStoreApi/node_modules/express/lib/router/layer.js:95:5)
    at /Users/samarthmistry/Desktop/Codes/React_navtive/BookStore/BookStoreApi/node_modules/express/lib/router/index.js:284:15
    at Function.process_params (/Users/samarthmistry/Desktop/Codes/React_navtive/BookStore/BookStoreApi/node_modules/express/lib/router/index.js:346:12)
    at next (/Users/samarthmistry/Desktop/Codes/React_navtive/BookStore/BookStoreApi/node_modules/express/lib/router/index.js:280:10)
    at Function.handle (/Users/samarthmistry/Desktop/Codes/React_navtive/BookStore/BookStoreApi/node_modules/express/lib/router/index.js:175:3)
    at router (/Users/samarthmistry/Desktop/Codes/React_navtive/BookStore/BookStoreApi/node_modules/express/lib/router/index.js:47:12)
    at Layer.handle [as handle_request] (/Users/samarthmistry/Desktop/Codes/React_navtive/BookStore/BookStoreApi/node_modules/express/lib/router/layer.js:95:5)
    at trim_prefix (/Users/samarthmistry/Desktop/Codes/React_navtive/BookStore/BookStoreApi/node_modules/express/lib/router/index.js:328:13)
    at /Users/samarthmistry/Desktop/Codes/React_navtive/BookStore/BookStoreApi/node_modules/express/lib/router/index.js:286:9
    at Function.process_params (/Users/samarthmistry/Desktop/Codes/React_navtive/BookStore/BookStoreApi/node_modules/express/lib/router/index.js:346:12)
    at next (/Users/samarthmistry/Desktop/Codes/React_navtive/BookStore/BookStoreApi/node_modules/express/lib/router/index.js:280:10)
    at Function.handle (/Users/samarthmistry/Desktop/Codes/React_navtive/BookStore/BookStoreApi/node_modules/express/lib/router/index.js:175:3)
    at router (/Users/samarthmistry/Desktop/Codes/React_navtive/BookStore/BookStoreApi/node_modules/express/lib/router/index.js:47:12)
    at Layer.handle [as handle_request] (/Users/samarthmistry/Desktop/Codes/React_navtive/BookStore/BookStoreApi/node_modules/express/lib/router/layer.js:95:5)
    at trim_prefix (/Users/samarthmistry/Desktop/Codes/React_navtive/BookStore/BookStoreApi/node_modules/express/lib/router/index.js:328:13)
    at /Users/samarthmistry/Desktop/Codes/React_navtive/BookStore/BookStoreApi/node_modules/express/lib/router/index.js:286:9
    at Function.process_params (/Users/samarthmistry/Desktop/Codes/React_navtive/BookStore/BookStoreApi/node_modules/express/lib/router/index.js:346:12)
    at next (/Users/samarthmistry/Desktop/Codes/React_navtive/BookStore/BookStoreApi/node_modules/express/lib/router/index.js:280:10)
    at logger (/Users/samarthmistry/Desktop/Codes/React_navtive/BookStore/BookStoreApi/node_modules/morgan/index.js:144:5)
    at Layer.handle [as handle_request] (/Users/samarthmistry/Desktop/Codes/React_navtive/BookStore/BookStoreApi/node_modules/express/lib/router/layer.js:95:5)
    at trim_prefix (/Users/samarthmistry/Desktop/Codes/React_navtive/BookStore/BookStoreApi/node_modules/express/lib/router/index.js:328:13)
    at /Users/samarthmistry/Desktop/Codes/React_navtive/BookStore/BookStoreApi/node_modules/express/lib/router/index.js:286:9
    at Function.process_params (/Users/samarthmistry/Desktop/Codes/React_navtive/BookStore/BookStoreApi/node_modules/express/lib/router/index.js:346:12)
    at next (/Users/samarthmistry/Desktop/Codes/React_navtive/BookStore/BookStoreApi/node_modules/express/lib/router/index.js:280:10)
    at /Users/samarthmistry/Desktop/Codes/React_navtive/BookStore/BookStoreApi/node_modules/body-parser/lib/read.js:137:5
    at AsyncResource.runInAsyncScope (node:async_hooks:214:14)
    at invokeCallback (/Users/samarthmistry/Desktop/Codes/React_navtive/BookStore/BookStoreApi/node_modules/raw-body/index.js:238:16)
    at done (/Users/samarthmistry/Desktop/Codes/React_navtive/BookStore/BookStoreApi/node_modules/raw-body/index.js:227:7)
    at IncomingMessage.onEnd (/Users/samarthmistry/Desktop/Codes/React_navtive/BookStore/BookStoreApi/node_modules/raw-body/index.js:287:7)
    at IncomingMessage.emit (node:events:507:28)
    at IncomingMessage.emit (node:domain:489:12)
    at endReadableNT (node:internal/streams/readable:1696:12)
    at processTicksAndRejections (node:internal/process/task_queues:90:21) 
    url - /api/v1/books/wishlist 
    method - PUT 
    IP - ::1
   {"timestamp":"2025-03-28T04:51:15.450Z"}
