info: Server started at http://localhost:3000/api/v1/ {"timestamp":"2025-03-22T04:04:49.960Z"}
info: Connected to the database. {"timestamp":"2025-03-22T04:04:50.449Z"}
error: 
      status - 400
      message - Authorization token is required 
      url - /api/v1/books/removeFromCart 
      method - PUT 
      IP - ::1
     {"timestamp":"2025-03-22T04:07:22.737Z"}
error: 
    status - 500 
    message - Error: Item Not found in cart
    at _callee4$ (/Users/samarthmistry/Desktop/Codes/React_navtive/BookStore/BookStoreApi/src/services/book.service.js:67:15)
    at tryCatch (/Users/samarthmistry/Desktop/Codes/React_navtive/BookStore/BookStoreApi/node_modules/@babel/runtime/helpers/regeneratorRuntime.js:45:16)
    at Generator.<anonymous> (/Users/samarthmistry/Desktop/Codes/React_navtive/BookStore/BookStoreApi/node_modules/@babel/runtime/helpers/regeneratorRuntime.js:133:17)
    at Generator.next (/Users/samarthmistry/Desktop/Codes/React_navtive/BookStore/BookStoreApi/node_modules/@babel/runtime/helpers/regeneratorRuntime.js:74:21)
    at asyncGeneratorStep (/Users/samarthmistry/Desktop/Codes/React_navtive/BookStore/BookStoreApi/node_modules/@babel/runtime/helpers/asyncToGenerator.js:3:17)
    at _next (/Users/samarthmistry/Desktop/Codes/React_navtive/BookStore/BookStoreApi/node_modules/@babel/runtime/helpers/asyncToGenerator.js:17:9)
    at processTicksAndRejections (node:internal/process/task_queues:105:5) 
    url - /api/v1/books/removeFromCart 
    method - PUT 
    IP - ::1
   {"timestamp":"2025-03-22T04:07:29.618Z"}
info: Server started at http://localhost:3000/api/v1/ {"timestamp":"2025-03-22T04:07:57.750Z"}
info: Connected to the database. {"timestamp":"2025-03-22T04:07:57.790Z"}
info: Server started at http://localhost:3000/api/v1/ {"timestamp":"2025-03-22T04:25:23.204Z"}
info: Connected to the database. {"timestamp":"2025-03-22T04:25:23.215Z"}
info: Server started at http://localhost:3000/api/v1/ {"timestamp":"2025-03-22T04:25:40.520Z"}
info: Connected to the database. {"timestamp":"2025-03-22T04:25:40.527Z"}
info: Server started at http://localhost:3000/api/v1/ {"timestamp":"2025-03-22T04:26:11.908Z"}
info: Connected to the database. {"timestamp":"2025-03-22T04:26:11.920Z"}
info: Server started at http://localhost:3000/api/v1/ {"timestamp":"2025-03-22T04:26:50.458Z"}
info: Connected to the database. {"timestamp":"2025-03-22T04:26:50.465Z"}
error: 
    status - 500 
    message - Error: User with email samarthmistry311@gmail.com already exist, try again!
    at _callee4$ (/Users/samarthmistry/Desktop/Codes/React_navtive/BookStore/BookStoreApi/src/services/user.service.js:31:11)
    at tryCatch (/Users/samarthmistry/Desktop/Codes/React_navtive/BookStore/BookStoreApi/node_modules/@babel/runtime/helpers/regeneratorRuntime.js:45:16)
    at Generator.<anonymous> (/Users/samarthmistry/Desktop/Codes/React_navtive/BookStore/BookStoreApi/node_modules/@babel/runtime/helpers/regeneratorRuntime.js:133:17)
    at Generator.next (/Users/samarthmistry/Desktop/Codes/React_navtive/BookStore/BookStoreApi/node_modules/@babel/runtime/helpers/regeneratorRuntime.js:74:21)
    at asyncGeneratorStep (/Users/samarthmistry/Desktop/Codes/React_navtive/BookStore/BookStoreApi/node_modules/@babel/runtime/helpers/asyncToGenerator.js:3:17)
    at _next (/Users/samarthmistry/Desktop/Codes/React_navtive/BookStore/BookStoreApi/node_modules/@babel/runtime/helpers/asyncToGenerator.js:17:9)
    at processTicksAndRejections (node:internal/process/task_queues:105:5) 
    url - /api/v1/users/register 
    method - POST 
    IP - ::1
   {"timestamp":"2025-03-22T04:27:14.184Z"}
info: Server started at http://localhost:3000/api/v1/ {"timestamp":"2025-03-22T04:28:27.615Z"}
info: Connected to the database. {"timestamp":"2025-03-22T04:28:27.631Z"}
info: Server started at http://localhost:3000/api/v1/ {"timestamp":"2025-03-22T04:28:42.882Z"}
info: Connected to the database. {"timestamp":"2025-03-22T04:28:42.890Z"}
error: 
    status - 500 
    message - ReferenceError: data is not defined
    at _callee3$ (/Users/samarthmistry/Desktop/Codes/React_navtive/BookStore/BookStoreApi/src/services/user.service.js:43:42)
    at tryCatch (/Users/samarthmistry/Desktop/Codes/React_navtive/BookStore/BookStoreApi/node_modules/@babel/runtime/helpers/regeneratorRuntime.js:45:16)
    at Generator.<anonymous> (/Users/samarthmistry/Desktop/Codes/React_navtive/BookStore/BookStoreApi/node_modules/@babel/runtime/helpers/regeneratorRuntime.js:133:17)
    at Generator.next (/Users/samarthmistry/Desktop/Codes/React_navtive/BookStore/BookStoreApi/node_modules/@babel/runtime/helpers/regeneratorRuntime.js:74:21)
    at asyncGeneratorStep (/Users/samarthmistry/Desktop/Codes/React_navtive/BookStore/BookStoreApi/node_modules/@babel/runtime/helpers/asyncToGenerator.js:3:17)
    at _next (/Users/samarthmistry/Desktop/Codes/React_navtive/BookStore/BookStoreApi/node_modules/@babel/runtime/helpers/asyncToGenerator.js:17:9)
    at processTicksAndRejections (node:internal/process/task_queues:105:5) 
    url - /api/v1/users/register 
    method - POST 
    IP - ::1
   {"timestamp":"2025-03-22T04:29:11.183Z"}
error: 
    status - 500 
    message - Error: User with email samarth311@gmail.com already exists, try again!
    at _callee3$ (/Users/samarthmistry/Desktop/Codes/React_navtive/BookStore/BookStoreApi/src/services/user.service.js:30:11)
    at tryCatch (/Users/samarthmistry/Desktop/Codes/React_navtive/BookStore/BookStoreApi/node_modules/@babel/runtime/helpers/regeneratorRuntime.js:45:16)
    at Generator.<anonymous> (/Users/samarthmistry/Desktop/Codes/React_navtive/BookStore/BookStoreApi/node_modules/@babel/runtime/helpers/regeneratorRuntime.js:133:17)
    at Generator.next (/Users/samarthmistry/Desktop/Codes/React_navtive/BookStore/BookStoreApi/node_modules/@babel/runtime/helpers/regeneratorRuntime.js:74:21)
    at asyncGeneratorStep (/Users/samarthmistry/Desktop/Codes/React_navtive/BookStore/BookStoreApi/node_modules/@babel/runtime/helpers/asyncToGenerator.js:3:17)
    at _next (/Users/samarthmistry/Desktop/Codes/React_navtive/BookStore/BookStoreApi/node_modules/@babel/runtime/helpers/asyncToGenerator.js:17:9)
    at processTicksAndRejections (node:internal/process/task_queues:105:5) 
    url - /api/v1/users/register 
    method - POST 
    IP - ::1
   {"timestamp":"2025-03-22T04:29:19.752Z"}
info: Server started at http://localhost:3000/api/v1/ {"timestamp":"2025-03-22T04:29:49.547Z"}
info: Connected to the database. {"timestamp":"2025-03-22T04:29:49.568Z"}
error: 
    status - 500 
    message - ReferenceError: data is not defined
    at _callee3$ (/Users/samarthmistry/Desktop/Codes/React_navtive/BookStore/BookStoreApi/src/services/user.service.js:43:42)
    at tryCatch (/Users/samarthmistry/Desktop/Codes/React_navtive/BookStore/BookStoreApi/node_modules/@babel/runtime/helpers/regeneratorRuntime.js:45:16)
    at Generator.<anonymous> (/Users/samarthmistry/Desktop/Codes/React_navtive/BookStore/BookStoreApi/node_modules/@babel/runtime/helpers/regeneratorRuntime.js:133:17)
    at Generator.next (/Users/samarthmistry/Desktop/Codes/React_navtive/BookStore/BookStoreApi/node_modules/@babel/runtime/helpers/regeneratorRuntime.js:74:21)
    at asyncGeneratorStep (/Users/samarthmistry/Desktop/Codes/React_navtive/BookStore/BookStoreApi/node_modules/@babel/runtime/helpers/asyncToGenerator.js:3:17)
    at _next (/Users/samarthmistry/Desktop/Codes/React_navtive/BookStore/BookStoreApi/node_modules/@babel/runtime/helpers/asyncToGenerator.js:17:9)
    at processTicksAndRejections (node:internal/process/task_queues:105:5) 
    url - /api/v1/users/register 
    method - POST 
    IP - ::1
   {"timestamp":"2025-03-22T04:30:06.293Z"}
info: Server started at http://localhost:3000/api/v1/ {"timestamp":"2025-03-22T04:31:31.685Z"}
info: Connected to the database. {"timestamp":"2025-03-22T04:31:31.698Z"}
info: Server started at http://localhost:3000/api/v1/ {"timestamp":"2025-03-22T04:40:09.085Z"}
info: Connected to the database. {"timestamp":"2025-03-22T04:40:09.098Z"}
info: Server started at http://localhost:3000/api/v1/ {"timestamp":"2025-03-22T04:40:41.483Z"}
info: Connected to the database. {"timestamp":"2025-03-22T04:40:41.490Z"}
info: Server started at http://localhost:3000/api/v1/ {"timestamp":"2025-03-22T07:52:55.495Z"}
info: Connected to the database. {"timestamp":"2025-03-22T07:52:55.520Z"}
info: Server started at http://localhost:3000/api/v1/ {"timestamp":"2025-03-22T09:03:45.331Z"}
info: Connected to the database. {"timestamp":"2025-03-22T09:03:45.341Z"}
