info: Server started at http://localhost:3000/api/v1/ {"timestamp":"2025-03-31T12:43:18.674Z"}
info: Connected to the database. {"timestamp":"2025-03-31T12:43:18.755Z"}
info: Server started at http://localhost:3000/api/v1/ {"timestamp":"2025-03-31T12:44:01.552Z"}
info: Connected to the database. {"timestamp":"2025-03-31T12:44:01.567Z"}
info: Server started at http://localhost:3000/api/v1/ {"timestamp":"2025-03-31T13:30:47.899Z"}
info: Connected to the database. {"timestamp":"2025-03-31T13:30:47.912Z"}
info: Server started at http://localhost:3000/api/v1/ {"timestamp":"2025-03-31T13:32:48.493Z"}
info: Connected to the database. {"timestamp":"2025-03-31T13:32:48.510Z"}
info: Server started at http://localhost:3000/api/v1/ {"timestamp":"2025-03-31T13:35:14.981Z"}
info: Connected to the database. {"timestamp":"2025-03-31T13:35:15.019Z"}
info: Server started at http://localhost:3000/api/v1/ {"timestamp":"2025-03-31T13:35:30.049Z"}
info: Connected to the database. {"timestamp":"2025-03-31T13:35:30.060Z"}
info: Server started at http://localhost:3000/api/v1/ {"timestamp":"2025-03-31T13:35:41.800Z"}
info: Connected to the database. {"timestamp":"2025-03-31T13:35:41.809Z"}
info: Server started at http://localhost:3000/api/v1/ {"timestamp":"2025-03-31T13:36:19.880Z"}
info: Connected to the database. {"timestamp":"2025-03-31T13:36:19.890Z"}
info: Server started at http://localhost:3000/api/v1/ {"timestamp":"2025-03-31T13:36:48.480Z"}
info: Connected to the database. {"timestamp":"2025-03-31T13:36:48.492Z"}
info: Server started at http://localhost:3000/api/v1/ {"timestamp":"2025-03-31T13:36:59.633Z"}
info: Connected to the database. {"timestamp":"2025-03-31T13:36:59.649Z"}
info: Server started at http://localhost:3000/api/v1/ {"timestamp":"2025-03-31T13:40:05.832Z"}
info: Connected to the database. {"timestamp":"2025-03-31T13:40:05.840Z"}
info: Server started at http://localhost:3000/api/v1/ {"timestamp":"2025-03-31T13:41:24.451Z"}
info: Connected to the database. {"timestamp":"2025-03-31T13:41:24.466Z"}
info: Server started at http://localhost:3000/api/v1/ {"timestamp":"2025-03-31T13:41:54.405Z"}
info: Connected to the database. {"timestamp":"2025-03-31T13:41:54.418Z"}
info: Server started at http://localhost:3000/api/v1/ {"timestamp":"2025-03-31T13:42:19.306Z"}
info: Connected to the database. {"timestamp":"2025-03-31T13:42:19.316Z"}
info: Server started at http://localhost:3000/api/v1/ {"timestamp":"2025-03-31T13:42:26.780Z"}
info: Connected to the database. {"timestamp":"2025-03-31T13:42:26.790Z"}
info: Server started at http://localhost:3000/api/v1/ {"timestamp":"2025-03-31T13:42:58.993Z"}
info: Connected to the database. {"timestamp":"2025-03-31T13:42:59.001Z"}
info: Server started at http://localhost:3000/api/v1/ {"timestamp":"2025-03-31T13:51:07.685Z"}
info: Connected to the database. {"timestamp":"2025-03-31T13:51:07.699Z"}
info: Server started at http://localhost:3000/api/v1/ {"timestamp":"2025-03-31T13:51:29.137Z"}
info: Connected to the database. {"timestamp":"2025-03-31T13:51:29.148Z"}
info: Server started at http://localhost:3000/api/v1/ {"timestamp":"2025-03-31T13:52:11.636Z"}
info: Connected to the database. {"timestamp":"2025-03-31T13:52:11.887Z"}
info: Server started at http://localhost:3000/api/v1/ {"timestamp":"2025-03-31T13:52:37.831Z"}
info: Connected to the database. {"timestamp":"2025-03-31T13:52:37.842Z"}
info: Server started at http://localhost:3000/api/v1/ {"timestamp":"2025-03-31T13:52:58.399Z"}
info: Connected to the database. {"timestamp":"2025-03-31T13:52:58.408Z"}
info: Server started at http://localhost:3000/api/v1/ {"timestamp":"2025-03-31T13:53:08.777Z"}
info: Connected to the database. {"timestamp":"2025-03-31T13:53:08.791Z"}
info: Server started at http://localhost:3000/api/v1/ {"timestamp":"2025-03-31T13:53:34.671Z"}
info: Connected to the database. {"timestamp":"2025-03-31T13:53:34.681Z"}
info: Server started at http://localhost:3000/api/v1/ {"timestamp":"2025-03-31T13:53:45.323Z"}
info: Connected to the database. {"timestamp":"2025-03-31T13:53:45.332Z"}
info: Server started at http://localhost:3000/api/v1/ {"timestamp":"2025-03-31T13:54:18.035Z"}
info: Connected to the database. {"timestamp":"2025-03-31T13:54:18.044Z"}
info: Server started at http://localhost:3000/api/v1/ {"timestamp":"2025-03-31T13:54:22.138Z"}
info: Connected to the database. {"timestamp":"2025-03-31T13:54:22.147Z"}
info: Server started at http://localhost:3000/api/v1/ {"timestamp":"2025-03-31T13:56:25.654Z"}
info: Connected to the database. {"timestamp":"2025-03-31T13:56:25.671Z"}
error: 
    status - 500 
    message - Error: Google token is required
    at _callee4$ (/Users/samarthmistry/Desktop/Codes/React_navtive/BookStore/BookStoreApi/src/services/user.service.js:53:11)
    at tryCatch (/Users/samarthmistry/Desktop/Codes/React_navtive/BookStore/BookStoreApi/node_modules/@babel/runtime/helpers/regeneratorRuntime.js:45:16)
    at Generator.<anonymous> (/Users/samarthmistry/Desktop/Codes/React_navtive/BookStore/BookStoreApi/node_modules/@babel/runtime/helpers/regeneratorRuntime.js:133:17)
    at Generator.next (/Users/samarthmistry/Desktop/Codes/React_navtive/BookStore/BookStoreApi/node_modules/@babel/runtime/helpers/regeneratorRuntime.js:74:21)
    at asyncGeneratorStep (/Users/samarthmistry/Desktop/Codes/React_navtive/BookStore/BookStoreApi/node_modules/@babel/runtime/helpers/asyncToGenerator.js:3:17)
    at _next (/Users/samarthmistry/Desktop/Codes/React_navtive/BookStore/BookStoreApi/node_modules/@babel/runtime/helpers/asyncToGenerator.js:17:9)
    at /Users/samarthmistry/Desktop/Codes/React_navtive/BookStore/BookStoreApi/node_modules/@babel/runtime/helpers/asyncToGenerator.js:22:7
    at new Promise (<anonymous>)
    at Object.apply (/Users/samarthmistry/Desktop/Codes/React_navtive/BookStore/BookStoreApi/node_modules/@babel/runtime/helpers/asyncToGenerator.js:14:12)
    at Object.googleSignIn (/Users/samarthmistry/Desktop/Codes/React_navtive/BookStore/BookStoreApi/src/services/user.service.js:49:26)
    at _callee4$ (/Users/samarthmistry/Desktop/Codes/React_navtive/BookStore/BookStoreApi/src/controllers/user.controller.js:46:37)
    at tryCatch (/Users/samarthmistry/Desktop/Codes/React_navtive/BookStore/BookStoreApi/node_modules/@babel/runtime/helpers/regeneratorRuntime.js:45:16)
    at Generator.<anonymous> (/Users/samarthmistry/Desktop/Codes/React_navtive/BookStore/BookStoreApi/node_modules/@babel/runtime/helpers/regeneratorRuntime.js:133:17)
    at Generator.next (/Users/samarthmistry/Desktop/Codes/React_navtive/BookStore/BookStoreApi/node_modules/@babel/runtime/helpers/regeneratorRuntime.js:74:21)
    at asyncGeneratorStep (/Users/samarthmistry/Desktop/Codes/React_navtive/BookStore/BookStoreApi/node_modules/@babel/runtime/helpers/asyncToGenerator.js:3:17)
    at _next (/Users/samarthmistry/Desktop/Codes/React_navtive/BookStore/BookStoreApi/node_modules/@babel/runtime/helpers/asyncToGenerator.js:17:9)
    at /Users/samarthmistry/Desktop/Codes/React_navtive/BookStore/BookStoreApi/node_modules/@babel/runtime/helpers/asyncToGenerator.js:22:7
    at new Promise (<anonymous>)
    at apply (/Users/samarthmistry/Desktop/Codes/React_navtive/BookStore/BookStoreApi/node_modules/@babel/runtime/helpers/asyncToGenerator.js:14:12)
    at googleLogin (/Users/samarthmistry/Desktop/Codes/React_navtive/BookStore/BookStoreApi/src/controllers/user.controller.js:44:25)
    at Layer.handle [as handle_request] (/Users/samarthmistry/Desktop/Codes/React_navtive/BookStore/BookStoreApi/node_modules/express/lib/router/layer.js:95:5)
    at next (/Users/samarthmistry/Desktop/Codes/React_navtive/BookStore/BookStoreApi/node_modules/express/lib/router/route.js:149:13)
    at Route.dispatch (/Users/samarthmistry/Desktop/Codes/React_navtive/BookStore/BookStoreApi/node_modules/express/lib/router/route.js:119:3)
    at Layer.handle [as handle_request] (/Users/samarthmistry/Desktop/Codes/React_navtive/BookStore/BookStoreApi/node_modules/express/lib/router/layer.js:95:5)
    at /Users/samarthmistry/Desktop/Codes/React_navtive/BookStore/BookStoreApi/node_modules/express/lib/router/index.js:284:15
    at Function.process_params (/Users/samarthmistry/Desktop/Codes/React_navtive/BookStore/BookStoreApi/node_modules/express/lib/router/index.js:346:12)
    at next (/Users/samarthmistry/Desktop/Codes/React_navtive/BookStore/BookStoreApi/node_modules/express/lib/router/index.js:280:10)
    at Function.handle (/Users/samarthmistry/Desktop/Codes/React_navtive/BookStore/BookStoreApi/node_modules/express/lib/router/index.js:175:3)
    at router (/Users/samarthmistry/Desktop/Codes/React_navtive/BookStore/BookStoreApi/node_modules/express/lib/router/index.js:47:12)
    at Layer.handle [as handle_request] (/Users/samarthmistry/Desktop/Codes/React_navtive/BookStore/BookStoreApi/node_modules/express/lib/router/layer.js:95:5)
    at trim_prefix (/Users/samarthmistry/Desktop/Codes/React_navtive/BookStore/BookStoreApi/node_modules/express/lib/router/index.js:328:13)
    at /Users/samarthmistry/Desktop/Codes/React_navtive/BookStore/BookStoreApi/node_modules/express/lib/router/index.js:286:9
    at Function.process_params (/Users/samarthmistry/Desktop/Codes/React_navtive/BookStore/BookStoreApi/node_modules/express/lib/router/index.js:346:12)
    at next (/Users/samarthmistry/Desktop/Codes/React_navtive/BookStore/BookStoreApi/node_modules/express/lib/router/index.js:280:10)
    at Function.handle (/Users/samarthmistry/Desktop/Codes/React_navtive/BookStore/BookStoreApi/node_modules/express/lib/router/index.js:175:3)
    at router (/Users/samarthmistry/Desktop/Codes/React_navtive/BookStore/BookStoreApi/node_modules/express/lib/router/index.js:47:12)
    at Layer.handle [as handle_request] (/Users/samarthmistry/Desktop/Codes/React_navtive/BookStore/BookStoreApi/node_modules/express/lib/router/layer.js:95:5)
    at trim_prefix (/Users/samarthmistry/Desktop/Codes/React_navtive/BookStore/BookStoreApi/node_modules/express/lib/router/index.js:328:13)
    at /Users/samarthmistry/Desktop/Codes/React_navtive/BookStore/BookStoreApi/node_modules/express/lib/router/index.js:286:9
    at Function.process_params (/Users/samarthmistry/Desktop/Codes/React_navtive/BookStore/BookStoreApi/node_modules/express/lib/router/index.js:346:12)
    at next (/Users/samarthmistry/Desktop/Codes/React_navtive/BookStore/BookStoreApi/node_modules/express/lib/router/index.js:280:10)
    at logger (/Users/samarthmistry/Desktop/Codes/React_navtive/BookStore/BookStoreApi/node_modules/morgan/index.js:144:5)
    at Layer.handle [as handle_request] (/Users/samarthmistry/Desktop/Codes/React_navtive/BookStore/BookStoreApi/node_modules/express/lib/router/layer.js:95:5)
    at trim_prefix (/Users/samarthmistry/Desktop/Codes/React_navtive/BookStore/BookStoreApi/node_modules/express/lib/router/index.js:328:13)
    at /Users/samarthmistry/Desktop/Codes/React_navtive/BookStore/BookStoreApi/node_modules/express/lib/router/index.js:286:9
    at Function.process_params (/Users/samarthmistry/Desktop/Codes/React_navtive/BookStore/BookStoreApi/node_modules/express/lib/router/index.js:346:12)
    at next (/Users/samarthmistry/Desktop/Codes/React_navtive/BookStore/BookStoreApi/node_modules/express/lib/router/index.js:280:10)
    at /Users/samarthmistry/Desktop/Codes/React_navtive/BookStore/BookStoreApi/node_modules/body-parser/lib/read.js:137:5
    at AsyncResource.runInAsyncScope (node:async_hooks:214:14)
    at invokeCallback (/Users/samarthmistry/Desktop/Codes/React_navtive/BookStore/BookStoreApi/node_modules/raw-body/index.js:238:16)
    at done (/Users/samarthmistry/Desktop/Codes/React_navtive/BookStore/BookStoreApi/node_modules/raw-body/index.js:227:7)
    at IncomingMessage.onEnd (/Users/samarthmistry/Desktop/Codes/React_navtive/BookStore/BookStoreApi/node_modules/raw-body/index.js:287:7)
    at IncomingMessage.emit (node:events:507:28)
    at IncomingMessage.emit (node:domain:489:12)
    at endReadableNT (node:internal/streams/readable:1696:12)
    at processTicksAndRejections (node:internal/process/task_queues:90:21) 
    url - /api/v1/users/google-login 
    method - POST 
    IP - ::1
   {"timestamp":"2025-03-31T13:59:30.616Z"}
error: 
    status - 500 
    message - Error: Google token is required
    at _callee4$ (/Users/samarthmistry/Desktop/Codes/React_navtive/BookStore/BookStoreApi/src/services/user.service.js:53:11)
    at tryCatch (/Users/samarthmistry/Desktop/Codes/React_navtive/BookStore/BookStoreApi/node_modules/@babel/runtime/helpers/regeneratorRuntime.js:45:16)
    at Generator.<anonymous> (/Users/samarthmistry/Desktop/Codes/React_navtive/BookStore/BookStoreApi/node_modules/@babel/runtime/helpers/regeneratorRuntime.js:133:17)
    at Generator.next (/Users/samarthmistry/Desktop/Codes/React_navtive/BookStore/BookStoreApi/node_modules/@babel/runtime/helpers/regeneratorRuntime.js:74:21)
    at asyncGeneratorStep (/Users/samarthmistry/Desktop/Codes/React_navtive/BookStore/BookStoreApi/node_modules/@babel/runtime/helpers/asyncToGenerator.js:3:17)
    at _next (/Users/samarthmistry/Desktop/Codes/React_navtive/BookStore/BookStoreApi/node_modules/@babel/runtime/helpers/asyncToGenerator.js:17:9)
    at /Users/samarthmistry/Desktop/Codes/React_navtive/BookStore/BookStoreApi/node_modules/@babel/runtime/helpers/asyncToGenerator.js:22:7
    at new Promise (<anonymous>)
    at Object.apply (/Users/samarthmistry/Desktop/Codes/React_navtive/BookStore/BookStoreApi/node_modules/@babel/runtime/helpers/asyncToGenerator.js:14:12)
    at Object.googleSignIn (/Users/samarthmistry/Desktop/Codes/React_navtive/BookStore/BookStoreApi/src/services/user.service.js:49:26)
    at _callee4$ (/Users/samarthmistry/Desktop/Codes/React_navtive/BookStore/BookStoreApi/src/controllers/user.controller.js:46:37)
    at tryCatch (/Users/samarthmistry/Desktop/Codes/React_navtive/BookStore/BookStoreApi/node_modules/@babel/runtime/helpers/regeneratorRuntime.js:45:16)
    at Generator.<anonymous> (/Users/samarthmistry/Desktop/Codes/React_navtive/BookStore/BookStoreApi/node_modules/@babel/runtime/helpers/regeneratorRuntime.js:133:17)
    at Generator.next (/Users/samarthmistry/Desktop/Codes/React_navtive/BookStore/BookStoreApi/node_modules/@babel/runtime/helpers/regeneratorRuntime.js:74:21)
    at asyncGeneratorStep (/Users/samarthmistry/Desktop/Codes/React_navtive/BookStore/BookStoreApi/node_modules/@babel/runtime/helpers/asyncToGenerator.js:3:17)
    at _next (/Users/samarthmistry/Desktop/Codes/React_navtive/BookStore/BookStoreApi/node_modules/@babel/runtime/helpers/asyncToGenerator.js:17:9)
    at /Users/samarthmistry/Desktop/Codes/React_navtive/BookStore/BookStoreApi/node_modules/@babel/runtime/helpers/asyncToGenerator.js:22:7
    at new Promise (<anonymous>)
    at apply (/Users/samarthmistry/Desktop/Codes/React_navtive/BookStore/BookStoreApi/node_modules/@babel/runtime/helpers/asyncToGenerator.js:14:12)
    at googleLogin (/Users/samarthmistry/Desktop/Codes/React_navtive/BookStore/BookStoreApi/src/controllers/user.controller.js:44:25)
    at Layer.handle [as handle_request] (/Users/samarthmistry/Desktop/Codes/React_navtive/BookStore/BookStoreApi/node_modules/express/lib/router/layer.js:95:5)
    at next (/Users/samarthmistry/Desktop/Codes/React_navtive/BookStore/BookStoreApi/node_modules/express/lib/router/route.js:149:13)
    at Route.dispatch (/Users/samarthmistry/Desktop/Codes/React_navtive/BookStore/BookStoreApi/node_modules/express/lib/router/route.js:119:3)
    at Layer.handle [as handle_request] (/Users/samarthmistry/Desktop/Codes/React_navtive/BookStore/BookStoreApi/node_modules/express/lib/router/layer.js:95:5)
    at /Users/samarthmistry/Desktop/Codes/React_navtive/BookStore/BookStoreApi/node_modules/express/lib/router/index.js:284:15
    at Function.process_params (/Users/samarthmistry/Desktop/Codes/React_navtive/BookStore/BookStoreApi/node_modules/express/lib/router/index.js:346:12)
    at next (/Users/samarthmistry/Desktop/Codes/React_navtive/BookStore/BookStoreApi/node_modules/express/lib/router/index.js:280:10)
    at Function.handle (/Users/samarthmistry/Desktop/Codes/React_navtive/BookStore/BookStoreApi/node_modules/express/lib/router/index.js:175:3)
    at router (/Users/samarthmistry/Desktop/Codes/React_navtive/BookStore/BookStoreApi/node_modules/express/lib/router/index.js:47:12)
    at Layer.handle [as handle_request] (/Users/samarthmistry/Desktop/Codes/React_navtive/BookStore/BookStoreApi/node_modules/express/lib/router/layer.js:95:5)
    at trim_prefix (/Users/samarthmistry/Desktop/Codes/React_navtive/BookStore/BookStoreApi/node_modules/express/lib/router/index.js:328:13)
    at /Users/samarthmistry/Desktop/Codes/React_navtive/BookStore/BookStoreApi/node_modules/express/lib/router/index.js:286:9
    at Function.process_params (/Users/samarthmistry/Desktop/Codes/React_navtive/BookStore/BookStoreApi/node_modules/express/lib/router/index.js:346:12)
    at next (/Users/samarthmistry/Desktop/Codes/React_navtive/BookStore/BookStoreApi/node_modules/express/lib/router/index.js:280:10)
    at Function.handle (/Users/samarthmistry/Desktop/Codes/React_navtive/BookStore/BookStoreApi/node_modules/express/lib/router/index.js:175:3)
    at router (/Users/samarthmistry/Desktop/Codes/React_navtive/BookStore/BookStoreApi/node_modules/express/lib/router/index.js:47:12)
    at Layer.handle [as handle_request] (/Users/samarthmistry/Desktop/Codes/React_navtive/BookStore/BookStoreApi/node_modules/express/lib/router/layer.js:95:5)
    at trim_prefix (/Users/samarthmistry/Desktop/Codes/React_navtive/BookStore/BookStoreApi/node_modules/express/lib/router/index.js:328:13)
    at /Users/samarthmistry/Desktop/Codes/React_navtive/BookStore/BookStoreApi/node_modules/express/lib/router/index.js:286:9
    at Function.process_params (/Users/samarthmistry/Desktop/Codes/React_navtive/BookStore/BookStoreApi/node_modules/express/lib/router/index.js:346:12)
    at next (/Users/samarthmistry/Desktop/Codes/React_navtive/BookStore/BookStoreApi/node_modules/express/lib/router/index.js:280:10)
    at logger (/Users/samarthmistry/Desktop/Codes/React_navtive/BookStore/BookStoreApi/node_modules/morgan/index.js:144:5)
    at Layer.handle [as handle_request] (/Users/samarthmistry/Desktop/Codes/React_navtive/BookStore/BookStoreApi/node_modules/express/lib/router/layer.js:95:5)
    at trim_prefix (/Users/samarthmistry/Desktop/Codes/React_navtive/BookStore/BookStoreApi/node_modules/express/lib/router/index.js:328:13)
    at /Users/samarthmistry/Desktop/Codes/React_navtive/BookStore/BookStoreApi/node_modules/express/lib/router/index.js:286:9
    at Function.process_params (/Users/samarthmistry/Desktop/Codes/React_navtive/BookStore/BookStoreApi/node_modules/express/lib/router/index.js:346:12)
    at next (/Users/samarthmistry/Desktop/Codes/React_navtive/BookStore/BookStoreApi/node_modules/express/lib/router/index.js:280:10)
    at /Users/samarthmistry/Desktop/Codes/React_navtive/BookStore/BookStoreApi/node_modules/body-parser/lib/read.js:137:5
    at AsyncResource.runInAsyncScope (node:async_hooks:214:14)
    at invokeCallback (/Users/samarthmistry/Desktop/Codes/React_navtive/BookStore/BookStoreApi/node_modules/raw-body/index.js:238:16)
    at done (/Users/samarthmistry/Desktop/Codes/React_navtive/BookStore/BookStoreApi/node_modules/raw-body/index.js:227:7)
    at IncomingMessage.onEnd (/Users/samarthmistry/Desktop/Codes/React_navtive/BookStore/BookStoreApi/node_modules/raw-body/index.js:287:7)
    at IncomingMessage.emit (node:events:507:28)
    at IncomingMessage.emit (node:domain:489:12)
    at endReadableNT (node:internal/streams/readable:1696:12)
    at processTicksAndRejections (node:internal/process/task_queues:90:21) 
    url - /api/v1/users/google-login 
    method - POST 
    IP - ::1
   {"timestamp":"2025-03-31T14:01:51.876Z"}
error: 
    status - 500 
    message - Error: Google token is required
    at _callee4$ (/Users/samarthmistry/Desktop/Codes/React_navtive/BookStore/BookStoreApi/src/services/user.service.js:53:11)
    at tryCatch (/Users/samarthmistry/Desktop/Codes/React_navtive/BookStore/BookStoreApi/node_modules/@babel/runtime/helpers/regeneratorRuntime.js:45:16)
    at Generator.<anonymous> (/Users/samarthmistry/Desktop/Codes/React_navtive/BookStore/BookStoreApi/node_modules/@babel/runtime/helpers/regeneratorRuntime.js:133:17)
    at Generator.next (/Users/samarthmistry/Desktop/Codes/React_navtive/BookStore/BookStoreApi/node_modules/@babel/runtime/helpers/regeneratorRuntime.js:74:21)
    at asyncGeneratorStep (/Users/samarthmistry/Desktop/Codes/React_navtive/BookStore/BookStoreApi/node_modules/@babel/runtime/helpers/asyncToGenerator.js:3:17)
    at _next (/Users/samarthmistry/Desktop/Codes/React_navtive/BookStore/BookStoreApi/node_modules/@babel/runtime/helpers/asyncToGenerator.js:17:9)
    at /Users/samarthmistry/Desktop/Codes/React_navtive/BookStore/BookStoreApi/node_modules/@babel/runtime/helpers/asyncToGenerator.js:22:7
    at new Promise (<anonymous>)
    at Object.apply (/Users/samarthmistry/Desktop/Codes/React_navtive/BookStore/BookStoreApi/node_modules/@babel/runtime/helpers/asyncToGenerator.js:14:12)
    at Object.googleSignIn (/Users/samarthmistry/Desktop/Codes/React_navtive/BookStore/BookStoreApi/src/services/user.service.js:49:26)
    at _callee4$ (/Users/samarthmistry/Desktop/Codes/React_navtive/BookStore/BookStoreApi/src/controllers/user.controller.js:46:37)
    at tryCatch (/Users/samarthmistry/Desktop/Codes/React_navtive/BookStore/BookStoreApi/node_modules/@babel/runtime/helpers/regeneratorRuntime.js:45:16)
    at Generator.<anonymous> (/Users/samarthmistry/Desktop/Codes/React_navtive/BookStore/BookStoreApi/node_modules/@babel/runtime/helpers/regeneratorRuntime.js:133:17)
    at Generator.next (/Users/samarthmistry/Desktop/Codes/React_navtive/BookStore/BookStoreApi/node_modules/@babel/runtime/helpers/regeneratorRuntime.js:74:21)
    at asyncGeneratorStep (/Users/samarthmistry/Desktop/Codes/React_navtive/BookStore/BookStoreApi/node_modules/@babel/runtime/helpers/asyncToGenerator.js:3:17)
    at _next (/Users/samarthmistry/Desktop/Codes/React_navtive/BookStore/BookStoreApi/node_modules/@babel/runtime/helpers/asyncToGenerator.js:17:9)
    at /Users/samarthmistry/Desktop/Codes/React_navtive/BookStore/BookStoreApi/node_modules/@babel/runtime/helpers/asyncToGenerator.js:22:7
    at new Promise (<anonymous>)
    at apply (/Users/samarthmistry/Desktop/Codes/React_navtive/BookStore/BookStoreApi/node_modules/@babel/runtime/helpers/asyncToGenerator.js:14:12)
    at googleLogin (/Users/samarthmistry/Desktop/Codes/React_navtive/BookStore/BookStoreApi/src/controllers/user.controller.js:44:25)
    at Layer.handle [as handle_request] (/Users/samarthmistry/Desktop/Codes/React_navtive/BookStore/BookStoreApi/node_modules/express/lib/router/layer.js:95:5)
    at next (/Users/samarthmistry/Desktop/Codes/React_navtive/BookStore/BookStoreApi/node_modules/express/lib/router/route.js:149:13)
    at Route.dispatch (/Users/samarthmistry/Desktop/Codes/React_navtive/BookStore/BookStoreApi/node_modules/express/lib/router/route.js:119:3)
    at Layer.handle [as handle_request] (/Users/samarthmistry/Desktop/Codes/React_navtive/BookStore/BookStoreApi/node_modules/express/lib/router/layer.js:95:5)
    at /Users/samarthmistry/Desktop/Codes/React_navtive/BookStore/BookStoreApi/node_modules/express/lib/router/index.js:284:15
    at Function.process_params (/Users/samarthmistry/Desktop/Codes/React_navtive/BookStore/BookStoreApi/node_modules/express/lib/router/index.js:346:12)
    at next (/Users/samarthmistry/Desktop/Codes/React_navtive/BookStore/BookStoreApi/node_modules/express/lib/router/index.js:280:10)
    at Function.handle (/Users/samarthmistry/Desktop/Codes/React_navtive/BookStore/BookStoreApi/node_modules/express/lib/router/index.js:175:3)
    at router (/Users/samarthmistry/Desktop/Codes/React_navtive/BookStore/BookStoreApi/node_modules/express/lib/router/index.js:47:12)
    at Layer.handle [as handle_request] (/Users/samarthmistry/Desktop/Codes/React_navtive/BookStore/BookStoreApi/node_modules/express/lib/router/layer.js:95:5)
    at trim_prefix (/Users/samarthmistry/Desktop/Codes/React_navtive/BookStore/BookStoreApi/node_modules/express/lib/router/index.js:328:13)
    at /Users/samarthmistry/Desktop/Codes/React_navtive/BookStore/BookStoreApi/node_modules/express/lib/router/index.js:286:9
    at Function.process_params (/Users/samarthmistry/Desktop/Codes/React_navtive/BookStore/BookStoreApi/node_modules/express/lib/router/index.js:346:12)
    at next (/Users/samarthmistry/Desktop/Codes/React_navtive/BookStore/BookStoreApi/node_modules/express/lib/router/index.js:280:10)
    at Function.handle (/Users/samarthmistry/Desktop/Codes/React_navtive/BookStore/BookStoreApi/node_modules/express/lib/router/index.js:175:3)
    at router (/Users/samarthmistry/Desktop/Codes/React_navtive/BookStore/BookStoreApi/node_modules/express/lib/router/index.js:47:12)
    at Layer.handle [as handle_request] (/Users/samarthmistry/Desktop/Codes/React_navtive/BookStore/BookStoreApi/node_modules/express/lib/router/layer.js:95:5)
    at trim_prefix (/Users/samarthmistry/Desktop/Codes/React_navtive/BookStore/BookStoreApi/node_modules/express/lib/router/index.js:328:13)
    at /Users/samarthmistry/Desktop/Codes/React_navtive/BookStore/BookStoreApi/node_modules/express/lib/router/index.js:286:9
    at Function.process_params (/Users/samarthmistry/Desktop/Codes/React_navtive/BookStore/BookStoreApi/node_modules/express/lib/router/index.js:346:12)
    at next (/Users/samarthmistry/Desktop/Codes/React_navtive/BookStore/BookStoreApi/node_modules/express/lib/router/index.js:280:10)
    at logger (/Users/samarthmistry/Desktop/Codes/React_navtive/BookStore/BookStoreApi/node_modules/morgan/index.js:144:5)
    at Layer.handle [as handle_request] (/Users/samarthmistry/Desktop/Codes/React_navtive/BookStore/BookStoreApi/node_modules/express/lib/router/layer.js:95:5)
    at trim_prefix (/Users/samarthmistry/Desktop/Codes/React_navtive/BookStore/BookStoreApi/node_modules/express/lib/router/index.js:328:13)
    at /Users/samarthmistry/Desktop/Codes/React_navtive/BookStore/BookStoreApi/node_modules/express/lib/router/index.js:286:9
    at Function.process_params (/Users/samarthmistry/Desktop/Codes/React_navtive/BookStore/BookStoreApi/node_modules/express/lib/router/index.js:346:12)
    at next (/Users/samarthmistry/Desktop/Codes/React_navtive/BookStore/BookStoreApi/node_modules/express/lib/router/index.js:280:10)
    at /Users/samarthmistry/Desktop/Codes/React_navtive/BookStore/BookStoreApi/node_modules/body-parser/lib/read.js:137:5
    at AsyncResource.runInAsyncScope (node:async_hooks:214:14)
    at invokeCallback (/Users/samarthmistry/Desktop/Codes/React_navtive/BookStore/BookStoreApi/node_modules/raw-body/index.js:238:16)
    at done (/Users/samarthmistry/Desktop/Codes/React_navtive/BookStore/BookStoreApi/node_modules/raw-body/index.js:227:7)
    at IncomingMessage.onEnd (/Users/samarthmistry/Desktop/Codes/React_navtive/BookStore/BookStoreApi/node_modules/raw-body/index.js:287:7)
    at IncomingMessage.emit (node:events:507:28)
    at IncomingMessage.emit (node:domain:489:12)
    at endReadableNT (node:internal/streams/readable:1696:12)
    at processTicksAndRejections (node:internal/process/task_queues:90:21) 
    url - /api/v1/users/google-login 
    method - POST 
    IP - ::1
   {"timestamp":"2025-03-31T14:02:40.819Z"}
error: 
    status - 500 
    message - Error: Google token is required
    at _callee4$ (/Users/samarthmistry/Desktop/Codes/React_navtive/BookStore/BookStoreApi/src/services/user.service.js:53:11)
    at tryCatch (/Users/samarthmistry/Desktop/Codes/React_navtive/BookStore/BookStoreApi/node_modules/@babel/runtime/helpers/regeneratorRuntime.js:45:16)
    at Generator.<anonymous> (/Users/samarthmistry/Desktop/Codes/React_navtive/BookStore/BookStoreApi/node_modules/@babel/runtime/helpers/regeneratorRuntime.js:133:17)
    at Generator.next (/Users/samarthmistry/Desktop/Codes/React_navtive/BookStore/BookStoreApi/node_modules/@babel/runtime/helpers/regeneratorRuntime.js:74:21)
    at asyncGeneratorStep (/Users/samarthmistry/Desktop/Codes/React_navtive/BookStore/BookStoreApi/node_modules/@babel/runtime/helpers/asyncToGenerator.js:3:17)
    at _next (/Users/samarthmistry/Desktop/Codes/React_navtive/BookStore/BookStoreApi/node_modules/@babel/runtime/helpers/asyncToGenerator.js:17:9)
    at /Users/samarthmistry/Desktop/Codes/React_navtive/BookStore/BookStoreApi/node_modules/@babel/runtime/helpers/asyncToGenerator.js:22:7
    at new Promise (<anonymous>)
    at Object.apply (/Users/samarthmistry/Desktop/Codes/React_navtive/BookStore/BookStoreApi/node_modules/@babel/runtime/helpers/asyncToGenerator.js:14:12)
    at Object.googleSignIn (/Users/samarthmistry/Desktop/Codes/React_navtive/BookStore/BookStoreApi/src/services/user.service.js:49:26)
    at _callee4$ (/Users/samarthmistry/Desktop/Codes/React_navtive/BookStore/BookStoreApi/src/controllers/user.controller.js:46:37)
    at tryCatch (/Users/samarthmistry/Desktop/Codes/React_navtive/BookStore/BookStoreApi/node_modules/@babel/runtime/helpers/regeneratorRuntime.js:45:16)
    at Generator.<anonymous> (/Users/samarthmistry/Desktop/Codes/React_navtive/BookStore/BookStoreApi/node_modules/@babel/runtime/helpers/regeneratorRuntime.js:133:17)
    at Generator.next (/Users/samarthmistry/Desktop/Codes/React_navtive/BookStore/BookStoreApi/node_modules/@babel/runtime/helpers/regeneratorRuntime.js:74:21)
    at asyncGeneratorStep (/Users/samarthmistry/Desktop/Codes/React_navtive/BookStore/BookStoreApi/node_modules/@babel/runtime/helpers/asyncToGenerator.js:3:17)
    at _next (/Users/samarthmistry/Desktop/Codes/React_navtive/BookStore/BookStoreApi/node_modules/@babel/runtime/helpers/asyncToGenerator.js:17:9)
    at /Users/samarthmistry/Desktop/Codes/React_navtive/BookStore/BookStoreApi/node_modules/@babel/runtime/helpers/asyncToGenerator.js:22:7
    at new Promise (<anonymous>)
    at apply (/Users/samarthmistry/Desktop/Codes/React_navtive/BookStore/BookStoreApi/node_modules/@babel/runtime/helpers/asyncToGenerator.js:14:12)
    at googleLogin (/Users/samarthmistry/Desktop/Codes/React_navtive/BookStore/BookStoreApi/src/controllers/user.controller.js:44:25)
    at Layer.handle [as handle_request] (/Users/samarthmistry/Desktop/Codes/React_navtive/BookStore/BookStoreApi/node_modules/express/lib/router/layer.js:95:5)
    at next (/Users/samarthmistry/Desktop/Codes/React_navtive/BookStore/BookStoreApi/node_modules/express/lib/router/route.js:149:13)
    at Route.dispatch (/Users/samarthmistry/Desktop/Codes/React_navtive/BookStore/BookStoreApi/node_modules/express/lib/router/route.js:119:3)
    at Layer.handle [as handle_request] (/Users/samarthmistry/Desktop/Codes/React_navtive/BookStore/BookStoreApi/node_modules/express/lib/router/layer.js:95:5)
    at /Users/samarthmistry/Desktop/Codes/React_navtive/BookStore/BookStoreApi/node_modules/express/lib/router/index.js:284:15
    at Function.process_params (/Users/samarthmistry/Desktop/Codes/React_navtive/BookStore/BookStoreApi/node_modules/express/lib/router/index.js:346:12)
    at next (/Users/samarthmistry/Desktop/Codes/React_navtive/BookStore/BookStoreApi/node_modules/express/lib/router/index.js:280:10)
    at Function.handle (/Users/samarthmistry/Desktop/Codes/React_navtive/BookStore/BookStoreApi/node_modules/express/lib/router/index.js:175:3)
    at router (/Users/samarthmistry/Desktop/Codes/React_navtive/BookStore/BookStoreApi/node_modules/express/lib/router/index.js:47:12)
    at Layer.handle [as handle_request] (/Users/samarthmistry/Desktop/Codes/React_navtive/BookStore/BookStoreApi/node_modules/express/lib/router/layer.js:95:5)
    at trim_prefix (/Users/samarthmistry/Desktop/Codes/React_navtive/BookStore/BookStoreApi/node_modules/express/lib/router/index.js:328:13)
    at /Users/samarthmistry/Desktop/Codes/React_navtive/BookStore/BookStoreApi/node_modules/express/lib/router/index.js:286:9
    at Function.process_params (/Users/samarthmistry/Desktop/Codes/React_navtive/BookStore/BookStoreApi/node_modules/express/lib/router/index.js:346:12)
    at next (/Users/samarthmistry/Desktop/Codes/React_navtive/BookStore/BookStoreApi/node_modules/express/lib/router/index.js:280:10)
    at Function.handle (/Users/samarthmistry/Desktop/Codes/React_navtive/BookStore/BookStoreApi/node_modules/express/lib/router/index.js:175:3)
    at router (/Users/samarthmistry/Desktop/Codes/React_navtive/BookStore/BookStoreApi/node_modules/express/lib/router/index.js:47:12)
    at Layer.handle [as handle_request] (/Users/samarthmistry/Desktop/Codes/React_navtive/BookStore/BookStoreApi/node_modules/express/lib/router/layer.js:95:5)
    at trim_prefix (/Users/samarthmistry/Desktop/Codes/React_navtive/BookStore/BookStoreApi/node_modules/express/lib/router/index.js:328:13)
    at /Users/samarthmistry/Desktop/Codes/React_navtive/BookStore/BookStoreApi/node_modules/express/lib/router/index.js:286:9
    at Function.process_params (/Users/samarthmistry/Desktop/Codes/React_navtive/BookStore/BookStoreApi/node_modules/express/lib/router/index.js:346:12)
    at next (/Users/samarthmistry/Desktop/Codes/React_navtive/BookStore/BookStoreApi/node_modules/express/lib/router/index.js:280:10)
    at logger (/Users/samarthmistry/Desktop/Codes/React_navtive/BookStore/BookStoreApi/node_modules/morgan/index.js:144:5)
    at Layer.handle [as handle_request] (/Users/samarthmistry/Desktop/Codes/React_navtive/BookStore/BookStoreApi/node_modules/express/lib/router/layer.js:95:5)
    at trim_prefix (/Users/samarthmistry/Desktop/Codes/React_navtive/BookStore/BookStoreApi/node_modules/express/lib/router/index.js:328:13)
    at /Users/samarthmistry/Desktop/Codes/React_navtive/BookStore/BookStoreApi/node_modules/express/lib/router/index.js:286:9
    at Function.process_params (/Users/samarthmistry/Desktop/Codes/React_navtive/BookStore/BookStoreApi/node_modules/express/lib/router/index.js:346:12)
    at next (/Users/samarthmistry/Desktop/Codes/React_navtive/BookStore/BookStoreApi/node_modules/express/lib/router/index.js:280:10)
    at /Users/samarthmistry/Desktop/Codes/React_navtive/BookStore/BookStoreApi/node_modules/body-parser/lib/read.js:137:5
    at AsyncResource.runInAsyncScope (node:async_hooks:214:14)
    at invokeCallback (/Users/samarthmistry/Desktop/Codes/React_navtive/BookStore/BookStoreApi/node_modules/raw-body/index.js:238:16)
    at done (/Users/samarthmistry/Desktop/Codes/React_navtive/BookStore/BookStoreApi/node_modules/raw-body/index.js:227:7)
    at IncomingMessage.onEnd (/Users/samarthmistry/Desktop/Codes/React_navtive/BookStore/BookStoreApi/node_modules/raw-body/index.js:287:7)
    at IncomingMessage.emit (node:events:507:28)
    at IncomingMessage.emit (node:domain:489:12)
    at endReadableNT (node:internal/streams/readable:1696:12)
    at processTicksAndRejections (node:internal/process/task_queues:90:21) 
    url - /api/v1/users/google-login 
    method - POST 
    IP - ::1
   {"timestamp":"2025-03-31T14:05:18.180Z"}
error: 
    status - 500 
    message - Error: Google token is required
    at _callee4$ (/Users/samarthmistry/Desktop/Codes/React_navtive/BookStore/BookStoreApi/src/services/user.service.js:53:11)
    at tryCatch (/Users/samarthmistry/Desktop/Codes/React_navtive/BookStore/BookStoreApi/node_modules/@babel/runtime/helpers/regeneratorRuntime.js:45:16)
    at Generator.<anonymous> (/Users/samarthmistry/Desktop/Codes/React_navtive/BookStore/BookStoreApi/node_modules/@babel/runtime/helpers/regeneratorRuntime.js:133:17)
    at Generator.next (/Users/samarthmistry/Desktop/Codes/React_navtive/BookStore/BookStoreApi/node_modules/@babel/runtime/helpers/regeneratorRuntime.js:74:21)
    at asyncGeneratorStep (/Users/samarthmistry/Desktop/Codes/React_navtive/BookStore/BookStoreApi/node_modules/@babel/runtime/helpers/asyncToGenerator.js:3:17)
    at _next (/Users/samarthmistry/Desktop/Codes/React_navtive/BookStore/BookStoreApi/node_modules/@babel/runtime/helpers/asyncToGenerator.js:17:9)
    at /Users/samarthmistry/Desktop/Codes/React_navtive/BookStore/BookStoreApi/node_modules/@babel/runtime/helpers/asyncToGenerator.js:22:7
    at new Promise (<anonymous>)
    at Object.apply (/Users/samarthmistry/Desktop/Codes/React_navtive/BookStore/BookStoreApi/node_modules/@babel/runtime/helpers/asyncToGenerator.js:14:12)
    at Object.googleSignIn (/Users/samarthmistry/Desktop/Codes/React_navtive/BookStore/BookStoreApi/src/services/user.service.js:49:26)
    at _callee4$ (/Users/samarthmistry/Desktop/Codes/React_navtive/BookStore/BookStoreApi/src/controllers/user.controller.js:46:37)
    at tryCatch (/Users/samarthmistry/Desktop/Codes/React_navtive/BookStore/BookStoreApi/node_modules/@babel/runtime/helpers/regeneratorRuntime.js:45:16)
    at Generator.<anonymous> (/Users/samarthmistry/Desktop/Codes/React_navtive/BookStore/BookStoreApi/node_modules/@babel/runtime/helpers/regeneratorRuntime.js:133:17)
    at Generator.next (/Users/samarthmistry/Desktop/Codes/React_navtive/BookStore/BookStoreApi/node_modules/@babel/runtime/helpers/regeneratorRuntime.js:74:21)
    at asyncGeneratorStep (/Users/samarthmistry/Desktop/Codes/React_navtive/BookStore/BookStoreApi/node_modules/@babel/runtime/helpers/asyncToGenerator.js:3:17)
    at _next (/Users/samarthmistry/Desktop/Codes/React_navtive/BookStore/BookStoreApi/node_modules/@babel/runtime/helpers/asyncToGenerator.js:17:9)
    at /Users/samarthmistry/Desktop/Codes/React_navtive/BookStore/BookStoreApi/node_modules/@babel/runtime/helpers/asyncToGenerator.js:22:7
    at new Promise (<anonymous>)
    at apply (/Users/samarthmistry/Desktop/Codes/React_navtive/BookStore/BookStoreApi/node_modules/@babel/runtime/helpers/asyncToGenerator.js:14:12)
    at googleLogin (/Users/samarthmistry/Desktop/Codes/React_navtive/BookStore/BookStoreApi/src/controllers/user.controller.js:44:25)
    at Layer.handle [as handle_request] (/Users/samarthmistry/Desktop/Codes/React_navtive/BookStore/BookStoreApi/node_modules/express/lib/router/layer.js:95:5)
    at next (/Users/samarthmistry/Desktop/Codes/React_navtive/BookStore/BookStoreApi/node_modules/express/lib/router/route.js:149:13)
    at Route.dispatch (/Users/samarthmistry/Desktop/Codes/React_navtive/BookStore/BookStoreApi/node_modules/express/lib/router/route.js:119:3)
    at Layer.handle [as handle_request] (/Users/samarthmistry/Desktop/Codes/React_navtive/BookStore/BookStoreApi/node_modules/express/lib/router/layer.js:95:5)
    at /Users/samarthmistry/Desktop/Codes/React_navtive/BookStore/BookStoreApi/node_modules/express/lib/router/index.js:284:15
    at Function.process_params (/Users/samarthmistry/Desktop/Codes/React_navtive/BookStore/BookStoreApi/node_modules/express/lib/router/index.js:346:12)
    at next (/Users/samarthmistry/Desktop/Codes/React_navtive/BookStore/BookStoreApi/node_modules/express/lib/router/index.js:280:10)
    at Function.handle (/Users/samarthmistry/Desktop/Codes/React_navtive/BookStore/BookStoreApi/node_modules/express/lib/router/index.js:175:3)
    at router (/Users/samarthmistry/Desktop/Codes/React_navtive/BookStore/BookStoreApi/node_modules/express/lib/router/index.js:47:12)
    at Layer.handle [as handle_request] (/Users/samarthmistry/Desktop/Codes/React_navtive/BookStore/BookStoreApi/node_modules/express/lib/router/layer.js:95:5)
    at trim_prefix (/Users/samarthmistry/Desktop/Codes/React_navtive/BookStore/BookStoreApi/node_modules/express/lib/router/index.js:328:13)
    at /Users/samarthmistry/Desktop/Codes/React_navtive/BookStore/BookStoreApi/node_modules/express/lib/router/index.js:286:9
    at Function.process_params (/Users/samarthmistry/Desktop/Codes/React_navtive/BookStore/BookStoreApi/node_modules/express/lib/router/index.js:346:12)
    at next (/Users/samarthmistry/Desktop/Codes/React_navtive/BookStore/BookStoreApi/node_modules/express/lib/router/index.js:280:10)
    at Function.handle (/Users/samarthmistry/Desktop/Codes/React_navtive/BookStore/BookStoreApi/node_modules/express/lib/router/index.js:175:3)
    at router (/Users/samarthmistry/Desktop/Codes/React_navtive/BookStore/BookStoreApi/node_modules/express/lib/router/index.js:47:12)
    at Layer.handle [as handle_request] (/Users/samarthmistry/Desktop/Codes/React_navtive/BookStore/BookStoreApi/node_modules/express/lib/router/layer.js:95:5)
    at trim_prefix (/Users/samarthmistry/Desktop/Codes/React_navtive/BookStore/BookStoreApi/node_modules/express/lib/router/index.js:328:13)
    at /Users/samarthmistry/Desktop/Codes/React_navtive/BookStore/BookStoreApi/node_modules/express/lib/router/index.js:286:9
    at Function.process_params (/Users/samarthmistry/Desktop/Codes/React_navtive/BookStore/BookStoreApi/node_modules/express/lib/router/index.js:346:12)
    at next (/Users/samarthmistry/Desktop/Codes/React_navtive/BookStore/BookStoreApi/node_modules/express/lib/router/index.js:280:10)
    at logger (/Users/samarthmistry/Desktop/Codes/React_navtive/BookStore/BookStoreApi/node_modules/morgan/index.js:144:5)
    at Layer.handle [as handle_request] (/Users/samarthmistry/Desktop/Codes/React_navtive/BookStore/BookStoreApi/node_modules/express/lib/router/layer.js:95:5)
    at trim_prefix (/Users/samarthmistry/Desktop/Codes/React_navtive/BookStore/BookStoreApi/node_modules/express/lib/router/index.js:328:13)
    at /Users/samarthmistry/Desktop/Codes/React_navtive/BookStore/BookStoreApi/node_modules/express/lib/router/index.js:286:9
    at Function.process_params (/Users/samarthmistry/Desktop/Codes/React_navtive/BookStore/BookStoreApi/node_modules/express/lib/router/index.js:346:12)
    at next (/Users/samarthmistry/Desktop/Codes/React_navtive/BookStore/BookStoreApi/node_modules/express/lib/router/index.js:280:10)
    at /Users/samarthmistry/Desktop/Codes/React_navtive/BookStore/BookStoreApi/node_modules/body-parser/lib/read.js:137:5
    at AsyncResource.runInAsyncScope (node:async_hooks:214:14)
    at invokeCallback (/Users/samarthmistry/Desktop/Codes/React_navtive/BookStore/BookStoreApi/node_modules/raw-body/index.js:238:16)
    at done (/Users/samarthmistry/Desktop/Codes/React_navtive/BookStore/BookStoreApi/node_modules/raw-body/index.js:227:7)
    at IncomingMessage.onEnd (/Users/samarthmistry/Desktop/Codes/React_navtive/BookStore/BookStoreApi/node_modules/raw-body/index.js:287:7)
    at IncomingMessage.emit (node:events:507:28)
    at IncomingMessage.emit (node:domain:489:12)
    at endReadableNT (node:internal/streams/readable:1696:12)
    at processTicksAndRejections (node:internal/process/task_queues:90:21) 
    url - /api/v1/users/google-login 
    method - POST 
    IP - ::1
   {"timestamp":"2025-03-31T14:05:49.051Z"}
error: 
    status - 500 
    message - Error: Google token is required
    at _callee4$ (/Users/samarthmistry/Desktop/Codes/React_navtive/BookStore/BookStoreApi/src/services/user.service.js:53:11)
    at tryCatch (/Users/samarthmistry/Desktop/Codes/React_navtive/BookStore/BookStoreApi/node_modules/@babel/runtime/helpers/regeneratorRuntime.js:45:16)
    at Generator.<anonymous> (/Users/samarthmistry/Desktop/Codes/React_navtive/BookStore/BookStoreApi/node_modules/@babel/runtime/helpers/regeneratorRuntime.js:133:17)
    at Generator.next (/Users/samarthmistry/Desktop/Codes/React_navtive/BookStore/BookStoreApi/node_modules/@babel/runtime/helpers/regeneratorRuntime.js:74:21)
    at asyncGeneratorStep (/Users/samarthmistry/Desktop/Codes/React_navtive/BookStore/BookStoreApi/node_modules/@babel/runtime/helpers/asyncToGenerator.js:3:17)
    at _next (/Users/samarthmistry/Desktop/Codes/React_navtive/BookStore/BookStoreApi/node_modules/@babel/runtime/helpers/asyncToGenerator.js:17:9)
    at /Users/samarthmistry/Desktop/Codes/React_navtive/BookStore/BookStoreApi/node_modules/@babel/runtime/helpers/asyncToGenerator.js:22:7
    at new Promise (<anonymous>)
    at Object.apply (/Users/samarthmistry/Desktop/Codes/React_navtive/BookStore/BookStoreApi/node_modules/@babel/runtime/helpers/asyncToGenerator.js:14:12)
    at Object.googleSignIn (/Users/samarthmistry/Desktop/Codes/React_navtive/BookStore/BookStoreApi/src/services/user.service.js:49:26)
    at _callee4$ (/Users/samarthmistry/Desktop/Codes/React_navtive/BookStore/BookStoreApi/src/controllers/user.controller.js:46:37)
    at tryCatch (/Users/samarthmistry/Desktop/Codes/React_navtive/BookStore/BookStoreApi/node_modules/@babel/runtime/helpers/regeneratorRuntime.js:45:16)
    at Generator.<anonymous> (/Users/samarthmistry/Desktop/Codes/React_navtive/BookStore/BookStoreApi/node_modules/@babel/runtime/helpers/regeneratorRuntime.js:133:17)
    at Generator.next (/Users/samarthmistry/Desktop/Codes/React_navtive/BookStore/BookStoreApi/node_modules/@babel/runtime/helpers/regeneratorRuntime.js:74:21)
    at asyncGeneratorStep (/Users/samarthmistry/Desktop/Codes/React_navtive/BookStore/BookStoreApi/node_modules/@babel/runtime/helpers/asyncToGenerator.js:3:17)
    at _next (/Users/samarthmistry/Desktop/Codes/React_navtive/BookStore/BookStoreApi/node_modules/@babel/runtime/helpers/asyncToGenerator.js:17:9)
    at /Users/samarthmistry/Desktop/Codes/React_navtive/BookStore/BookStoreApi/node_modules/@babel/runtime/helpers/asyncToGenerator.js:22:7
    at new Promise (<anonymous>)
    at apply (/Users/samarthmistry/Desktop/Codes/React_navtive/BookStore/BookStoreApi/node_modules/@babel/runtime/helpers/asyncToGenerator.js:14:12)
    at googleLogin (/Users/samarthmistry/Desktop/Codes/React_navtive/BookStore/BookStoreApi/src/controllers/user.controller.js:44:25)
    at Layer.handle [as handle_request] (/Users/samarthmistry/Desktop/Codes/React_navtive/BookStore/BookStoreApi/node_modules/express/lib/router/layer.js:95:5)
    at next (/Users/samarthmistry/Desktop/Codes/React_navtive/BookStore/BookStoreApi/node_modules/express/lib/router/route.js:149:13)
    at Route.dispatch (/Users/samarthmistry/Desktop/Codes/React_navtive/BookStore/BookStoreApi/node_modules/express/lib/router/route.js:119:3)
    at Layer.handle [as handle_request] (/Users/samarthmistry/Desktop/Codes/React_navtive/BookStore/BookStoreApi/node_modules/express/lib/router/layer.js:95:5)
    at /Users/samarthmistry/Desktop/Codes/React_navtive/BookStore/BookStoreApi/node_modules/express/lib/router/index.js:284:15
    at Function.process_params (/Users/samarthmistry/Desktop/Codes/React_navtive/BookStore/BookStoreApi/node_modules/express/lib/router/index.js:346:12)
    at next (/Users/samarthmistry/Desktop/Codes/React_navtive/BookStore/BookStoreApi/node_modules/express/lib/router/index.js:280:10)
    at Function.handle (/Users/samarthmistry/Desktop/Codes/React_navtive/BookStore/BookStoreApi/node_modules/express/lib/router/index.js:175:3)
    at router (/Users/samarthmistry/Desktop/Codes/React_navtive/BookStore/BookStoreApi/node_modules/express/lib/router/index.js:47:12)
    at Layer.handle [as handle_request] (/Users/samarthmistry/Desktop/Codes/React_navtive/BookStore/BookStoreApi/node_modules/express/lib/router/layer.js:95:5)
    at trim_prefix (/Users/samarthmistry/Desktop/Codes/React_navtive/BookStore/BookStoreApi/node_modules/express/lib/router/index.js:328:13)
    at /Users/samarthmistry/Desktop/Codes/React_navtive/BookStore/BookStoreApi/node_modules/express/lib/router/index.js:286:9
    at Function.process_params (/Users/samarthmistry/Desktop/Codes/React_navtive/BookStore/BookStoreApi/node_modules/express/lib/router/index.js:346:12)
    at next (/Users/samarthmistry/Desktop/Codes/React_navtive/BookStore/BookStoreApi/node_modules/express/lib/router/index.js:280:10)
    at Function.handle (/Users/samarthmistry/Desktop/Codes/React_navtive/BookStore/BookStoreApi/node_modules/express/lib/router/index.js:175:3)
    at router (/Users/samarthmistry/Desktop/Codes/React_navtive/BookStore/BookStoreApi/node_modules/express/lib/router/index.js:47:12)
    at Layer.handle [as handle_request] (/Users/samarthmistry/Desktop/Codes/React_navtive/BookStore/BookStoreApi/node_modules/express/lib/router/layer.js:95:5)
    at trim_prefix (/Users/samarthmistry/Desktop/Codes/React_navtive/BookStore/BookStoreApi/node_modules/express/lib/router/index.js:328:13)
    at /Users/samarthmistry/Desktop/Codes/React_navtive/BookStore/BookStoreApi/node_modules/express/lib/router/index.js:286:9
    at Function.process_params (/Users/samarthmistry/Desktop/Codes/React_navtive/BookStore/BookStoreApi/node_modules/express/lib/router/index.js:346:12)
    at next (/Users/samarthmistry/Desktop/Codes/React_navtive/BookStore/BookStoreApi/node_modules/express/lib/router/index.js:280:10)
    at logger (/Users/samarthmistry/Desktop/Codes/React_navtive/BookStore/BookStoreApi/node_modules/morgan/index.js:144:5)
    at Layer.handle [as handle_request] (/Users/samarthmistry/Desktop/Codes/React_navtive/BookStore/BookStoreApi/node_modules/express/lib/router/layer.js:95:5)
    at trim_prefix (/Users/samarthmistry/Desktop/Codes/React_navtive/BookStore/BookStoreApi/node_modules/express/lib/router/index.js:328:13)
    at /Users/samarthmistry/Desktop/Codes/React_navtive/BookStore/BookStoreApi/node_modules/express/lib/router/index.js:286:9
    at Function.process_params (/Users/samarthmistry/Desktop/Codes/React_navtive/BookStore/BookStoreApi/node_modules/express/lib/router/index.js:346:12)
    at next (/Users/samarthmistry/Desktop/Codes/React_navtive/BookStore/BookStoreApi/node_modules/express/lib/router/index.js:280:10)
    at /Users/samarthmistry/Desktop/Codes/React_navtive/BookStore/BookStoreApi/node_modules/body-parser/lib/read.js:137:5
    at AsyncResource.runInAsyncScope (node:async_hooks:214:14)
    at invokeCallback (/Users/samarthmistry/Desktop/Codes/React_navtive/BookStore/BookStoreApi/node_modules/raw-body/index.js:238:16)
    at done (/Users/samarthmistry/Desktop/Codes/React_navtive/BookStore/BookStoreApi/node_modules/raw-body/index.js:227:7)
    at IncomingMessage.onEnd (/Users/samarthmistry/Desktop/Codes/React_navtive/BookStore/BookStoreApi/node_modules/raw-body/index.js:287:7)
    at IncomingMessage.emit (node:events:507:28)
    at IncomingMessage.emit (node:domain:489:12)
    at endReadableNT (node:internal/streams/readable:1696:12)
    at processTicksAndRejections (node:internal/process/task_queues:90:21) 
    url - /api/v1/users/google-login 
    method - POST 
    IP - ::1
   {"timestamp":"2025-03-31T14:06:52.387Z"}
error: 
    status - 500 
    message - Error: Google token is required
    at _callee4$ (/Users/samarthmistry/Desktop/Codes/React_navtive/BookStore/BookStoreApi/src/services/user.service.js:53:11)
    at tryCatch (/Users/samarthmistry/Desktop/Codes/React_navtive/BookStore/BookStoreApi/node_modules/@babel/runtime/helpers/regeneratorRuntime.js:45:16)
    at Generator.<anonymous> (/Users/samarthmistry/Desktop/Codes/React_navtive/BookStore/BookStoreApi/node_modules/@babel/runtime/helpers/regeneratorRuntime.js:133:17)
    at Generator.next (/Users/samarthmistry/Desktop/Codes/React_navtive/BookStore/BookStoreApi/node_modules/@babel/runtime/helpers/regeneratorRuntime.js:74:21)
    at asyncGeneratorStep (/Users/samarthmistry/Desktop/Codes/React_navtive/BookStore/BookStoreApi/node_modules/@babel/runtime/helpers/asyncToGenerator.js:3:17)
    at _next (/Users/samarthmistry/Desktop/Codes/React_navtive/BookStore/BookStoreApi/node_modules/@babel/runtime/helpers/asyncToGenerator.js:17:9)
    at /Users/samarthmistry/Desktop/Codes/React_navtive/BookStore/BookStoreApi/node_modules/@babel/runtime/helpers/asyncToGenerator.js:22:7
    at new Promise (<anonymous>)
    at Object.apply (/Users/samarthmistry/Desktop/Codes/React_navtive/BookStore/BookStoreApi/node_modules/@babel/runtime/helpers/asyncToGenerator.js:14:12)
    at Object.googleSignIn (/Users/samarthmistry/Desktop/Codes/React_navtive/BookStore/BookStoreApi/src/services/user.service.js:49:26)
    at _callee4$ (/Users/samarthmistry/Desktop/Codes/React_navtive/BookStore/BookStoreApi/src/controllers/user.controller.js:46:37)
    at tryCatch (/Users/samarthmistry/Desktop/Codes/React_navtive/BookStore/BookStoreApi/node_modules/@babel/runtime/helpers/regeneratorRuntime.js:45:16)
    at Generator.<anonymous> (/Users/samarthmistry/Desktop/Codes/React_navtive/BookStore/BookStoreApi/node_modules/@babel/runtime/helpers/regeneratorRuntime.js:133:17)
    at Generator.next (/Users/samarthmistry/Desktop/Codes/React_navtive/BookStore/BookStoreApi/node_modules/@babel/runtime/helpers/regeneratorRuntime.js:74:21)
    at asyncGeneratorStep (/Users/samarthmistry/Desktop/Codes/React_navtive/BookStore/BookStoreApi/node_modules/@babel/runtime/helpers/asyncToGenerator.js:3:17)
    at _next (/Users/samarthmistry/Desktop/Codes/React_navtive/BookStore/BookStoreApi/node_modules/@babel/runtime/helpers/asyncToGenerator.js:17:9)
    at /Users/samarthmistry/Desktop/Codes/React_navtive/BookStore/BookStoreApi/node_modules/@babel/runtime/helpers/asyncToGenerator.js:22:7
    at new Promise (<anonymous>)
    at apply (/Users/samarthmistry/Desktop/Codes/React_navtive/BookStore/BookStoreApi/node_modules/@babel/runtime/helpers/asyncToGenerator.js:14:12)
    at googleLogin (/Users/samarthmistry/Desktop/Codes/React_navtive/BookStore/BookStoreApi/src/controllers/user.controller.js:44:25)
    at Layer.handle [as handle_request] (/Users/samarthmistry/Desktop/Codes/React_navtive/BookStore/BookStoreApi/node_modules/express/lib/router/layer.js:95:5)
    at next (/Users/samarthmistry/Desktop/Codes/React_navtive/BookStore/BookStoreApi/node_modules/express/lib/router/route.js:149:13)
    at Route.dispatch (/Users/samarthmistry/Desktop/Codes/React_navtive/BookStore/BookStoreApi/node_modules/express/lib/router/route.js:119:3)
    at Layer.handle [as handle_request] (/Users/samarthmistry/Desktop/Codes/React_navtive/BookStore/BookStoreApi/node_modules/express/lib/router/layer.js:95:5)
    at /Users/samarthmistry/Desktop/Codes/React_navtive/BookStore/BookStoreApi/node_modules/express/lib/router/index.js:284:15
    at Function.process_params (/Users/samarthmistry/Desktop/Codes/React_navtive/BookStore/BookStoreApi/node_modules/express/lib/router/index.js:346:12)
    at next (/Users/samarthmistry/Desktop/Codes/React_navtive/BookStore/BookStoreApi/node_modules/express/lib/router/index.js:280:10)
    at Function.handle (/Users/samarthmistry/Desktop/Codes/React_navtive/BookStore/BookStoreApi/node_modules/express/lib/router/index.js:175:3)
    at router (/Users/samarthmistry/Desktop/Codes/React_navtive/BookStore/BookStoreApi/node_modules/express/lib/router/index.js:47:12)
    at Layer.handle [as handle_request] (/Users/samarthmistry/Desktop/Codes/React_navtive/BookStore/BookStoreApi/node_modules/express/lib/router/layer.js:95:5)
    at trim_prefix (/Users/samarthmistry/Desktop/Codes/React_navtive/BookStore/BookStoreApi/node_modules/express/lib/router/index.js:328:13)
    at /Users/samarthmistry/Desktop/Codes/React_navtive/BookStore/BookStoreApi/node_modules/express/lib/router/index.js:286:9
    at Function.process_params (/Users/samarthmistry/Desktop/Codes/React_navtive/BookStore/BookStoreApi/node_modules/express/lib/router/index.js:346:12)
    at next (/Users/samarthmistry/Desktop/Codes/React_navtive/BookStore/BookStoreApi/node_modules/express/lib/router/index.js:280:10)
    at Function.handle (/Users/samarthmistry/Desktop/Codes/React_navtive/BookStore/BookStoreApi/node_modules/express/lib/router/index.js:175:3)
    at router (/Users/samarthmistry/Desktop/Codes/React_navtive/BookStore/BookStoreApi/node_modules/express/lib/router/index.js:47:12)
    at Layer.handle [as handle_request] (/Users/samarthmistry/Desktop/Codes/React_navtive/BookStore/BookStoreApi/node_modules/express/lib/router/layer.js:95:5)
    at trim_prefix (/Users/samarthmistry/Desktop/Codes/React_navtive/BookStore/BookStoreApi/node_modules/express/lib/router/index.js:328:13)
    at /Users/samarthmistry/Desktop/Codes/React_navtive/BookStore/BookStoreApi/node_modules/express/lib/router/index.js:286:9
    at Function.process_params (/Users/samarthmistry/Desktop/Codes/React_navtive/BookStore/BookStoreApi/node_modules/express/lib/router/index.js:346:12)
    at next (/Users/samarthmistry/Desktop/Codes/React_navtive/BookStore/BookStoreApi/node_modules/express/lib/router/index.js:280:10)
    at logger (/Users/samarthmistry/Desktop/Codes/React_navtive/BookStore/BookStoreApi/node_modules/morgan/index.js:144:5)
    at Layer.handle [as handle_request] (/Users/samarthmistry/Desktop/Codes/React_navtive/BookStore/BookStoreApi/node_modules/express/lib/router/layer.js:95:5)
    at trim_prefix (/Users/samarthmistry/Desktop/Codes/React_navtive/BookStore/BookStoreApi/node_modules/express/lib/router/index.js:328:13)
    at /Users/samarthmistry/Desktop/Codes/React_navtive/BookStore/BookStoreApi/node_modules/express/lib/router/index.js:286:9
    at Function.process_params (/Users/samarthmistry/Desktop/Codes/React_navtive/BookStore/BookStoreApi/node_modules/express/lib/router/index.js:346:12)
    at next (/Users/samarthmistry/Desktop/Codes/React_navtive/BookStore/BookStoreApi/node_modules/express/lib/router/index.js:280:10)
    at /Users/samarthmistry/Desktop/Codes/React_navtive/BookStore/BookStoreApi/node_modules/body-parser/lib/read.js:137:5
    at AsyncResource.runInAsyncScope (node:async_hooks:214:14)
    at invokeCallback (/Users/samarthmistry/Desktop/Codes/React_navtive/BookStore/BookStoreApi/node_modules/raw-body/index.js:238:16)
    at done (/Users/samarthmistry/Desktop/Codes/React_navtive/BookStore/BookStoreApi/node_modules/raw-body/index.js:227:7)
    at IncomingMessage.onEnd (/Users/samarthmistry/Desktop/Codes/React_navtive/BookStore/BookStoreApi/node_modules/raw-body/index.js:287:7)
    at IncomingMessage.emit (node:events:507:28)
    at IncomingMessage.emit (node:domain:489:12)
    at endReadableNT (node:internal/streams/readable:1696:12)
    at processTicksAndRejections (node:internal/process/task_queues:90:21) 
    url - /api/v1/users/google-login 
    method - POST 
    IP - ::1
   {"timestamp":"2025-03-31T14:07:19.568Z"}
error: 
    status - 500 
    message - ReferenceError: client is not defined
    at _callee4$ (/Users/samarthmistry/Desktop/Codes/React_navtive/BookStore/BookStoreApi/src/services/user.service.js:53:48)
    at tryCatch (/Users/samarthmistry/Desktop/Codes/React_navtive/BookStore/BookStoreApi/node_modules/@babel/runtime/helpers/regeneratorRuntime.js:45:16)
    at Generator.<anonymous> (/Users/samarthmistry/Desktop/Codes/React_navtive/BookStore/BookStoreApi/node_modules/@babel/runtime/helpers/regeneratorRuntime.js:133:17)
    at Generator.next (/Users/samarthmistry/Desktop/Codes/React_navtive/BookStore/BookStoreApi/node_modules/@babel/runtime/helpers/regeneratorRuntime.js:74:21)
    at asyncGeneratorStep (/Users/samarthmistry/Desktop/Codes/React_navtive/BookStore/BookStoreApi/node_modules/@babel/runtime/helpers/asyncToGenerator.js:3:17)
    at _next (/Users/samarthmistry/Desktop/Codes/React_navtive/BookStore/BookStoreApi/node_modules/@babel/runtime/helpers/asyncToGenerator.js:17:9)
    at /Users/samarthmistry/Desktop/Codes/React_navtive/BookStore/BookStoreApi/node_modules/@babel/runtime/helpers/asyncToGenerator.js:22:7
    at new Promise (<anonymous>)
    at Object.apply (/Users/samarthmistry/Desktop/Codes/React_navtive/BookStore/BookStoreApi/node_modules/@babel/runtime/helpers/asyncToGenerator.js:14:12)
    at Object.googleSignIn (/Users/samarthmistry/Desktop/Codes/React_navtive/BookStore/BookStoreApi/src/services/user.service.js:49:26)
    at _callee4$ (/Users/samarthmistry/Desktop/Codes/React_navtive/BookStore/BookStoreApi/src/controllers/user.controller.js:46:37)
    at tryCatch (/Users/samarthmistry/Desktop/Codes/React_navtive/BookStore/BookStoreApi/node_modules/@babel/runtime/helpers/regeneratorRuntime.js:45:16)
    at Generator.<anonymous> (/Users/samarthmistry/Desktop/Codes/React_navtive/BookStore/BookStoreApi/node_modules/@babel/runtime/helpers/regeneratorRuntime.js:133:17)
    at Generator.next (/Users/samarthmistry/Desktop/Codes/React_navtive/BookStore/BookStoreApi/node_modules/@babel/runtime/helpers/regeneratorRuntime.js:74:21)
    at asyncGeneratorStep (/Users/samarthmistry/Desktop/Codes/React_navtive/BookStore/BookStoreApi/node_modules/@babel/runtime/helpers/asyncToGenerator.js:3:17)
    at _next (/Users/samarthmistry/Desktop/Codes/React_navtive/BookStore/BookStoreApi/node_modules/@babel/runtime/helpers/asyncToGenerator.js:17:9)
    at /Users/samarthmistry/Desktop/Codes/React_navtive/BookStore/BookStoreApi/node_modules/@babel/runtime/helpers/asyncToGenerator.js:22:7
    at new Promise (<anonymous>)
    at apply (/Users/samarthmistry/Desktop/Codes/React_navtive/BookStore/BookStoreApi/node_modules/@babel/runtime/helpers/asyncToGenerator.js:14:12)
    at googleLogin (/Users/samarthmistry/Desktop/Codes/React_navtive/BookStore/BookStoreApi/src/controllers/user.controller.js:44:25)
    at Layer.handle [as handle_request] (/Users/samarthmistry/Desktop/Codes/React_navtive/BookStore/BookStoreApi/node_modules/express/lib/router/layer.js:95:5)
    at next (/Users/samarthmistry/Desktop/Codes/React_navtive/BookStore/BookStoreApi/node_modules/express/lib/router/route.js:149:13)
    at Route.dispatch (/Users/samarthmistry/Desktop/Codes/React_navtive/BookStore/BookStoreApi/node_modules/express/lib/router/route.js:119:3)
    at Layer.handle [as handle_request] (/Users/samarthmistry/Desktop/Codes/React_navtive/BookStore/BookStoreApi/node_modules/express/lib/router/layer.js:95:5)
    at /Users/samarthmistry/Desktop/Codes/React_navtive/BookStore/BookStoreApi/node_modules/express/lib/router/index.js:284:15
    at Function.process_params (/Users/samarthmistry/Desktop/Codes/React_navtive/BookStore/BookStoreApi/node_modules/express/lib/router/index.js:346:12)
    at next (/Users/samarthmistry/Desktop/Codes/React_navtive/BookStore/BookStoreApi/node_modules/express/lib/router/index.js:280:10)
    at Function.handle (/Users/samarthmistry/Desktop/Codes/React_navtive/BookStore/BookStoreApi/node_modules/express/lib/router/index.js:175:3)
    at router (/Users/samarthmistry/Desktop/Codes/React_navtive/BookStore/BookStoreApi/node_modules/express/lib/router/index.js:47:12)
    at Layer.handle [as handle_request] (/Users/samarthmistry/Desktop/Codes/React_navtive/BookStore/BookStoreApi/node_modules/express/lib/router/layer.js:95:5)
    at trim_prefix (/Users/samarthmistry/Desktop/Codes/React_navtive/BookStore/BookStoreApi/node_modules/express/lib/router/index.js:328:13)
    at /Users/samarthmistry/Desktop/Codes/React_navtive/BookStore/BookStoreApi/node_modules/express/lib/router/index.js:286:9
    at Function.process_params (/Users/samarthmistry/Desktop/Codes/React_navtive/BookStore/BookStoreApi/node_modules/express/lib/router/index.js:346:12)
    at next (/Users/samarthmistry/Desktop/Codes/React_navtive/BookStore/BookStoreApi/node_modules/express/lib/router/index.js:280:10)
    at Function.handle (/Users/samarthmistry/Desktop/Codes/React_navtive/BookStore/BookStoreApi/node_modules/express/lib/router/index.js:175:3)
    at router (/Users/samarthmistry/Desktop/Codes/React_navtive/BookStore/BookStoreApi/node_modules/express/lib/router/index.js:47:12)
    at Layer.handle [as handle_request] (/Users/samarthmistry/Desktop/Codes/React_navtive/BookStore/BookStoreApi/node_modules/express/lib/router/layer.js:95:5)
    at trim_prefix (/Users/samarthmistry/Desktop/Codes/React_navtive/BookStore/BookStoreApi/node_modules/express/lib/router/index.js:328:13)
    at /Users/samarthmistry/Desktop/Codes/React_navtive/BookStore/BookStoreApi/node_modules/express/lib/router/index.js:286:9
    at Function.process_params (/Users/samarthmistry/Desktop/Codes/React_navtive/BookStore/BookStoreApi/node_modules/express/lib/router/index.js:346:12)
    at next (/Users/samarthmistry/Desktop/Codes/React_navtive/BookStore/BookStoreApi/node_modules/express/lib/router/index.js:280:10)
    at logger (/Users/samarthmistry/Desktop/Codes/React_navtive/BookStore/BookStoreApi/node_modules/morgan/index.js:144:5)
    at Layer.handle [as handle_request] (/Users/samarthmistry/Desktop/Codes/React_navtive/BookStore/BookStoreApi/node_modules/express/lib/router/layer.js:95:5)
    at trim_prefix (/Users/samarthmistry/Desktop/Codes/React_navtive/BookStore/BookStoreApi/node_modules/express/lib/router/index.js:328:13)
    at /Users/samarthmistry/Desktop/Codes/React_navtive/BookStore/BookStoreApi/node_modules/express/lib/router/index.js:286:9
    at Function.process_params (/Users/samarthmistry/Desktop/Codes/React_navtive/BookStore/BookStoreApi/node_modules/express/lib/router/index.js:346:12)
    at next (/Users/samarthmistry/Desktop/Codes/React_navtive/BookStore/BookStoreApi/node_modules/express/lib/router/index.js:280:10)
    at /Users/samarthmistry/Desktop/Codes/React_navtive/BookStore/BookStoreApi/node_modules/body-parser/lib/read.js:137:5
    at AsyncResource.runInAsyncScope (node:async_hooks:214:14)
    at invokeCallback (/Users/samarthmistry/Desktop/Codes/React_navtive/BookStore/BookStoreApi/node_modules/raw-body/index.js:238:16)
    at done (/Users/samarthmistry/Desktop/Codes/React_navtive/BookStore/BookStoreApi/node_modules/raw-body/index.js:227:7)
    at IncomingMessage.onEnd (/Users/samarthmistry/Desktop/Codes/React_navtive/BookStore/BookStoreApi/node_modules/raw-body/index.js:287:7)
    at IncomingMessage.emit (node:events:507:28)
    at IncomingMessage.emit (node:domain:489:12)
    at endReadableNT (node:internal/streams/readable:1696:12)
    at processTicksAndRejections (node:internal/process/task_queues:90:21) 
    url - /api/v1/users/google-login 
    method - POST 
    IP - ::1
   {"timestamp":"2025-03-31T14:07:47.775Z"}
info: Server started at http://localhost:3000/api/v1/ {"timestamp":"2025-03-31T14:08:07.018Z"}
info: Connected to the database. {"timestamp":"2025-03-31T14:08:07.031Z"}
error: 
    status - 500 
    message - ReferenceError: client is not defined
    at _callee4$ (/Users/samarthmistry/Desktop/Codes/React_navtive/BookStore/BookStoreApi/src/services/user.service.js:53:48)
    at tryCatch (/Users/samarthmistry/Desktop/Codes/React_navtive/BookStore/BookStoreApi/node_modules/@babel/runtime/helpers/regeneratorRuntime.js:45:16)
    at Generator.<anonymous> (/Users/samarthmistry/Desktop/Codes/React_navtive/BookStore/BookStoreApi/node_modules/@babel/runtime/helpers/regeneratorRuntime.js:133:17)
    at Generator.next (/Users/samarthmistry/Desktop/Codes/React_navtive/BookStore/BookStoreApi/node_modules/@babel/runtime/helpers/regeneratorRuntime.js:74:21)
    at asyncGeneratorStep (/Users/samarthmistry/Desktop/Codes/React_navtive/BookStore/BookStoreApi/node_modules/@babel/runtime/helpers/asyncToGenerator.js:3:17)
    at _next (/Users/samarthmistry/Desktop/Codes/React_navtive/BookStore/BookStoreApi/node_modules/@babel/runtime/helpers/asyncToGenerator.js:17:9)
    at /Users/samarthmistry/Desktop/Codes/React_navtive/BookStore/BookStoreApi/node_modules/@babel/runtime/helpers/asyncToGenerator.js:22:7
    at new Promise (<anonymous>)
    at Object.apply (/Users/samarthmistry/Desktop/Codes/React_navtive/BookStore/BookStoreApi/node_modules/@babel/runtime/helpers/asyncToGenerator.js:14:12)
    at Object.googleSignIn (/Users/samarthmistry/Desktop/Codes/React_navtive/BookStore/BookStoreApi/src/services/user.service.js:49:26)
    at _callee4$ (/Users/samarthmistry/Desktop/Codes/React_navtive/BookStore/BookStoreApi/src/controllers/user.controller.js:46:37)
    at tryCatch (/Users/samarthmistry/Desktop/Codes/React_navtive/BookStore/BookStoreApi/node_modules/@babel/runtime/helpers/regeneratorRuntime.js:45:16)
    at Generator.<anonymous> (/Users/samarthmistry/Desktop/Codes/React_navtive/BookStore/BookStoreApi/node_modules/@babel/runtime/helpers/regeneratorRuntime.js:133:17)
    at Generator.next (/Users/samarthmistry/Desktop/Codes/React_navtive/BookStore/BookStoreApi/node_modules/@babel/runtime/helpers/regeneratorRuntime.js:74:21)
    at asyncGeneratorStep (/Users/samarthmistry/Desktop/Codes/React_navtive/BookStore/BookStoreApi/node_modules/@babel/runtime/helpers/asyncToGenerator.js:3:17)
    at _next (/Users/samarthmistry/Desktop/Codes/React_navtive/BookStore/BookStoreApi/node_modules/@babel/runtime/helpers/asyncToGenerator.js:17:9)
    at /Users/samarthmistry/Desktop/Codes/React_navtive/BookStore/BookStoreApi/node_modules/@babel/runtime/helpers/asyncToGenerator.js:22:7
    at new Promise (<anonymous>)
    at apply (/Users/samarthmistry/Desktop/Codes/React_navtive/BookStore/BookStoreApi/node_modules/@babel/runtime/helpers/asyncToGenerator.js:14:12)
    at googleLogin (/Users/samarthmistry/Desktop/Codes/React_navtive/BookStore/BookStoreApi/src/controllers/user.controller.js:44:25)
    at Layer.handle [as handle_request] (/Users/samarthmistry/Desktop/Codes/React_navtive/BookStore/BookStoreApi/node_modules/express/lib/router/layer.js:95:5)
    at next (/Users/samarthmistry/Desktop/Codes/React_navtive/BookStore/BookStoreApi/node_modules/express/lib/router/route.js:149:13)
    at Route.dispatch (/Users/samarthmistry/Desktop/Codes/React_navtive/BookStore/BookStoreApi/node_modules/express/lib/router/route.js:119:3)
    at Layer.handle [as handle_request] (/Users/samarthmistry/Desktop/Codes/React_navtive/BookStore/BookStoreApi/node_modules/express/lib/router/layer.js:95:5)
    at /Users/samarthmistry/Desktop/Codes/React_navtive/BookStore/BookStoreApi/node_modules/express/lib/router/index.js:284:15
    at Function.process_params (/Users/samarthmistry/Desktop/Codes/React_navtive/BookStore/BookStoreApi/node_modules/express/lib/router/index.js:346:12)
    at next (/Users/samarthmistry/Desktop/Codes/React_navtive/BookStore/BookStoreApi/node_modules/express/lib/router/index.js:280:10)
    at Function.handle (/Users/samarthmistry/Desktop/Codes/React_navtive/BookStore/BookStoreApi/node_modules/express/lib/router/index.js:175:3)
    at router (/Users/samarthmistry/Desktop/Codes/React_navtive/BookStore/BookStoreApi/node_modules/express/lib/router/index.js:47:12)
    at Layer.handle [as handle_request] (/Users/samarthmistry/Desktop/Codes/React_navtive/BookStore/BookStoreApi/node_modules/express/lib/router/layer.js:95:5)
    at trim_prefix (/Users/samarthmistry/Desktop/Codes/React_navtive/BookStore/BookStoreApi/node_modules/express/lib/router/index.js:328:13)
    at /Users/samarthmistry/Desktop/Codes/React_navtive/BookStore/BookStoreApi/node_modules/express/lib/router/index.js:286:9
    at Function.process_params (/Users/samarthmistry/Desktop/Codes/React_navtive/BookStore/BookStoreApi/node_modules/express/lib/router/index.js:346:12)
    at next (/Users/samarthmistry/Desktop/Codes/React_navtive/BookStore/BookStoreApi/node_modules/express/lib/router/index.js:280:10)
    at Function.handle (/Users/samarthmistry/Desktop/Codes/React_navtive/BookStore/BookStoreApi/node_modules/express/lib/router/index.js:175:3)
    at router (/Users/samarthmistry/Desktop/Codes/React_navtive/BookStore/BookStoreApi/node_modules/express/lib/router/index.js:47:12)
    at Layer.handle [as handle_request] (/Users/samarthmistry/Desktop/Codes/React_navtive/BookStore/BookStoreApi/node_modules/express/lib/router/layer.js:95:5)
    at trim_prefix (/Users/samarthmistry/Desktop/Codes/React_navtive/BookStore/BookStoreApi/node_modules/express/lib/router/index.js:328:13)
    at /Users/samarthmistry/Desktop/Codes/React_navtive/BookStore/BookStoreApi/node_modules/express/lib/router/index.js:286:9
    at Function.process_params (/Users/samarthmistry/Desktop/Codes/React_navtive/BookStore/BookStoreApi/node_modules/express/lib/router/index.js:346:12)
    at next (/Users/samarthmistry/Desktop/Codes/React_navtive/BookStore/BookStoreApi/node_modules/express/lib/router/index.js:280:10)
    at logger (/Users/samarthmistry/Desktop/Codes/React_navtive/BookStore/BookStoreApi/node_modules/morgan/index.js:144:5)
    at Layer.handle [as handle_request] (/Users/samarthmistry/Desktop/Codes/React_navtive/BookStore/BookStoreApi/node_modules/express/lib/router/layer.js:95:5)
    at trim_prefix (/Users/samarthmistry/Desktop/Codes/React_navtive/BookStore/BookStoreApi/node_modules/express/lib/router/index.js:328:13)
    at /Users/samarthmistry/Desktop/Codes/React_navtive/BookStore/BookStoreApi/node_modules/express/lib/router/index.js:286:9
    at Function.process_params (/Users/samarthmistry/Desktop/Codes/React_navtive/BookStore/BookStoreApi/node_modules/express/lib/router/index.js:346:12)
    at next (/Users/samarthmistry/Desktop/Codes/React_navtive/BookStore/BookStoreApi/node_modules/express/lib/router/index.js:280:10)
    at /Users/samarthmistry/Desktop/Codes/React_navtive/BookStore/BookStoreApi/node_modules/body-parser/lib/read.js:137:5
    at AsyncResource.runInAsyncScope (node:async_hooks:214:14)
    at invokeCallback (/Users/samarthmistry/Desktop/Codes/React_navtive/BookStore/BookStoreApi/node_modules/raw-body/index.js:238:16)
    at done (/Users/samarthmistry/Desktop/Codes/React_navtive/BookStore/BookStoreApi/node_modules/raw-body/index.js:227:7)
    at IncomingMessage.onEnd (/Users/samarthmistry/Desktop/Codes/React_navtive/BookStore/BookStoreApi/node_modules/raw-body/index.js:287:7)
    at IncomingMessage.emit (node:events:507:28)
    at IncomingMessage.emit (node:domain:489:12)
    at endReadableNT (node:internal/streams/readable:1696:12)
    at processTicksAndRejections (node:internal/process/task_queues:90:21) 
    url - /api/v1/users/google-login 
    method - POST 
    IP - ::1
   {"timestamp":"2025-03-31T14:08:16.854Z"}
info: Server started at http://localhost:3000/api/v1/ {"timestamp":"2025-03-31T14:09:08.403Z"}
info: Connected to the database. {"timestamp":"2025-03-31T14:09:08.420Z"}
info: Server started at http://localhost:3000/api/v1/ {"timestamp":"2025-03-31T14:09:23.010Z"}
info: Connected to the database. {"timestamp":"2025-03-31T14:09:23.020Z"}
error: 
    status - 500 
    message - Error: Wrong recipient, payload audience != requiredAudience
    at OAuth2Client.verifySignedJwtWithCertsAsync (/Users/samarthmistry/Desktop/Codes/React_navtive/BookStore/BookStoreApi/node_modules/google-auth-library/build/src/auth/oauth2client.js:750:23)
    at processTicksAndRejections (node:internal/process/task_queues:105:5)
    at OAuth2Client.verifyIdTokenAsync (/Users/samarthmistry/Desktop/Codes/React_navtive/BookStore/BookStoreApi/node_modules/google-auth-library/build/src/auth/oauth2client.js:508:23) 
    url - /api/v1/users/google-login 
    method - POST 
    IP - ::1
   {"timestamp":"2025-03-31T14:09:31.690Z"}
error: 
    status - 500 
    message - Error: Wrong recipient, payload audience != requiredAudience
    at OAuth2Client.verifySignedJwtWithCertsAsync (/Users/samarthmistry/Desktop/Codes/React_navtive/BookStore/BookStoreApi/node_modules/google-auth-library/build/src/auth/oauth2client.js:750:23)
    at processTicksAndRejections (node:internal/process/task_queues:105:5)
    at OAuth2Client.verifyIdTokenAsync (/Users/samarthmistry/Desktop/Codes/React_navtive/BookStore/BookStoreApi/node_modules/google-auth-library/build/src/auth/oauth2client.js:508:23) 
    url - /api/v1/users/google-login 
    method - POST 
    IP - ::1
   {"timestamp":"2025-03-31T14:10:05.695Z"}
error: 
    status - 500 
    message - Error: Wrong recipient, payload audience != requiredAudience
    at OAuth2Client.verifySignedJwtWithCertsAsync (/Users/samarthmistry/Desktop/Codes/React_navtive/BookStore/BookStoreApi/node_modules/google-auth-library/build/src/auth/oauth2client.js:750:23)
    at processTicksAndRejections (node:internal/process/task_queues:105:5)
    at OAuth2Client.verifyIdTokenAsync (/Users/samarthmistry/Desktop/Codes/React_navtive/BookStore/BookStoreApi/node_modules/google-auth-library/build/src/auth/oauth2client.js:508:23) 
    url - /api/v1/users/google-login 
    method - POST 
    IP - ::1
   {"timestamp":"2025-03-31T14:11:18.427Z"}
error: 
    status - 500 
    message - Error: Wrong recipient, payload audience != requiredAudience
    at OAuth2Client.verifySignedJwtWithCertsAsync (/Users/samarthmistry/Desktop/Codes/React_navtive/BookStore/BookStoreApi/node_modules/google-auth-library/build/src/auth/oauth2client.js:750:23)
    at processTicksAndRejections (node:internal/process/task_queues:105:5)
    at OAuth2Client.verifyIdTokenAsync (/Users/samarthmistry/Desktop/Codes/React_navtive/BookStore/BookStoreApi/node_modules/google-auth-library/build/src/auth/oauth2client.js:508:23) 
    url - /api/v1/users/google-login 
    method - POST 
    IP - ::1
   {"timestamp":"2025-03-31T14:11:47.435Z"}
info: Server started at http://localhost:3000/api/v1/ {"timestamp":"2025-03-31T14:12:59.099Z"}
info: Connected to the database. {"timestamp":"2025-03-31T14:12:59.112Z"}
