info: GET /api/v1/ 304 - - 1.968 ms

info: GET /apple-touch-icon-precomposed.png 404 47 - 0.924 ms

info: GET /apple-touch-icon.png 404 47 - 0.591 ms

info: GET /api/v1/api-doc 404 47 - 1.270 ms

info: GET /api/v1/api-docs 404 47 - 1.374 ms

info: GET /api/api-docs 404 47 - 1.093 ms

info: GET /api-docs 301 158 - 6.117 ms

info: GET /api-docs/ 200 3106 - 3.082 ms

info: GET /api-docs/ 304 - - 2.047 ms

info: GET /api-docs/ 304 - - 2.620 ms

info: GET /api-docs 301 158 - 1.667 ms

info: GET /api-docs/ 304 - - 0.647 ms

info: GET /apple-touch-icon-precomposed.png 404 47 - 0.655 ms

info: GET /apple-touch-icon.png 404 47 - 0.188 ms

info: GET /favicon.ico 404 47 - 0.213 ms

info: GET /api-docs/favicon-16x16.png 200 665 - 5.960 ms

info: GET /api-docs/favicon-32x32.png 200 628 - 7.699 ms

info: GET /apple-touch-icon-precomposed.png 404 47 - 0.984 ms

info: GET /apple-touch-icon.png 404 47 - 0.188 ms

info: GET /favicon.ico 404 47 - 0.266 ms

info: GET /api-docs/favicon-16x16.png 200 665 - 2.242 ms

info: GET /api-docs/favicon-32x32.png 200 628 - 2.129 ms

info: GET /api-docs/ 200 3106 - 0.815 ms

info: GET /api-docs/swagger-ui-init.js 200 4834 - 0.238 ms

info: GET /api-docs/swagger-ui.css 200 154985 - 3.188 ms

info: GET /api-docs/swagger-ui-standalone-preset.js 200 229223 - 3.932 ms

info: GET /api-docs/swagger-ui-bundle.js 200 1466741 - 3.502 ms

info: GET /api-docs/favicon-32x32.png 200 628 - 0.661 ms

info: GET /api-docs/ 200 3106 - 4.922 ms

info: GET /api-docs/ 304 - - 2.075 ms

info: GET /api-docs/swagger-ui.css 304 - - 1.084 ms

info: GET /api-docs/swagger-ui-bundle.js 304 - - 0.369 ms

info: GET /api-docs/swagger-ui-standalone-preset.js 304 - - 0.655 ms

info: GET /api-docs/swagger-ui-init.js 200 4650 - 0.621 ms

info: GET /api-docs/favicon-32x32.png 304 - - 0.507 ms

info: GET /api-docs/ 304 - - 1.344 ms

info: GET /api-docs/swagger-ui-init.js 304 - - 0.227 ms

info: GET /api-docs/swagger-ui.css 304 - - 3.912 ms

info: GET /api-docs/swagger-ui-bundle.js 304 - - 3.304 ms

info: GET /api-docs/swagger-ui-standalone-preset.js 304 - - 2.986 ms

info: GET /api-docs/favicon-32x32.png 304 - - 0.410 ms

info: GET /api-docs/ 200 3106 - 2.633 ms

info: GET /api-docs/ 304 - - 1.490 ms

info: GET /api-docs/swagger-ui-bundle.js 301 179 - 1.484 ms

info: GET /api-docs/swagger-ui.css 301 173 - 0.445 ms

info: GET /api-docs/swagger-ui-standalone-preset.js 301 190 - 0.326 ms

info: GET /api-docs/swagger-ui-init.js 301 177 - 0.592 ms

info: GET /api-docs/favicon-32x32.png 301 176 - 0.187 ms

info: GET /api-docs/favicon-16x16.png 301 176 - 0.129 ms

info: GET /api-docs/ 304 - - 1.866 ms

info: GET /api-docs/ 304 - - 0.822 ms

info: GET /api-docs/ 304 - - 0.919 ms

info: GET /api-docs/ 304 - - 2.057 ms

info: GET /api-docs/ 304 - - 1.383 ms

info: GET /dadad 301 155 - 0.761 ms

info: GET /dadad/ 200 3106 - 0.931 ms

info: GET /dadad/swagger-ui.css 301 170 - 1.457 ms

info: GET /dadad/swagger-ui-bundle.js 301 176 - 1.812 ms

info: GET /dadad/swagger-ui-standalone-preset.js 301 187 - 2.239 ms

info: GET /dadad/swagger-ui-init.js 301 174 - 2.319 ms

info: GET /dadad/favicon-32x32.png 301 173 - 2.403 ms

info: GET /dadad/favicon-16x16.png 301 173 - 0.196 ms

info: GET /api-docs/ 200 3106 - 1.586 ms

info: GET /api-docs/ 200 3106 - 0.388 ms

info: GET /api-docs/ 200 3106 - 0.504 ms

info: GET /dadad/ 304 - - 2.507 ms

info: GET /dadad/ 304 - - 1.768 ms

info: GET /dadad/ 304 - - 1.936 ms

info: GET /dadad/ 304 - - 1.460 ms

info: GET /dadad/ 304 - - 1.125 ms

info: GET /dadad/ 304 - - 1.760 ms

info: GET /dadad/ 304 - - 0.793 ms

info: GET /api-docs/ 200 3106 - 3.440 ms

info: GET /dadad/ 304 - - 1.921 ms

info: GET /dadad/ 304 - - 1.422 ms

info: GET /dadad/ 304 - - 1.374 ms

info: GET /dadad/ 304 - - 1.485 ms

info: GET /das 301 153 - 1.866 ms

info: GET /das/ 200 3106 - 0.886 ms

info: GET /das/swagger-ui.css 301 168 - 3.705 ms

info: GET /das/swagger-ui-bundle.js 301 174 - 3.049 ms

info: GET /das/swagger-ui-standalone-preset.js 301 185 - 2.728 ms

info: GET /das/swagger-ui-init.js 301 172 - 0.380 ms

info: GET /das/favicon-32x32.png 301 171 - 0.343 ms

info: GET /das/favicon-16x16.png 301 171 - 0.178 ms

info: GET /das/ 304 - - 1.887 ms

info: GET /das/ 304 - - 1.046 ms

info: GET /das/ 404 47 - 1.517 ms

info: GET /favicon.ico 404 47 - 0.198 ms

info: GET /api-docs/ 304 - - 3.129 ms

info: GET /api-docs/ 304 - - 1.604 ms

info: GET /api-docs/ 304 - - 1.272 ms

info: GET /api-docs/ 304 - - 1.017 ms

info: GET /api-docs/ 304 - - 1.253 ms

info: GET /api-docs 301 158 - 1.184 ms

info: GET /api-docs/ 304 - - 1.502 ms

info: GET /api-docs/ 304 - - 5.929 ms

info: GET /api-docs/ 304 - - 0.562 ms

info: GET /api-docs/ 304 - - 1.600 ms

info: GET /api-docs/ 304 - - 0.486 ms

info: GET /api-docs/ 304 - - 0.795 ms

info: GET /api-docs/ 304 - - 1.020 ms

info: GET /api-docs/ 304 - - 1.870 ms

info: GET /api-docs/ 304 - - 0.799 ms

info: GET /api-docs/ 304 - - 0.968 ms

info: GET /api-docs/ 304 - - 4.123 ms

info: GET /api-docs/ 304 - - 1.195 ms

info: GET /api-docs/ 304 - - 1.743 ms

info: GET /api-docs/ 304 - - 1.025 ms

info: GET /api-docs/ 304 - - 0.800 ms

info: GET /api-docs/ 304 - - 0.997 ms

info: GET /api-docs/ 304 - - 1.279 ms

info: GET /api-docs/ 304 - - 0.858 ms

info: GET /api-docs/ 304 - - 1.890 ms

info: GET /api-docs/ 304 - - 0.884 ms

info: GET /api-docs/ 304 - - 0.640 ms

info: GET /api-docs/ 304 - - 1.130 ms

info: GET /api-docs/ 304 - - 0.612 ms

info: GET /api-docs/ 304 - - 2.366 ms

info: GET /api-docs/ 304 - - 1.061 ms

info: GET /api-docs/ 304 - - 1.294 ms

info: GET /api-docs/ 304 - - 0.911 ms

info: GET /api-docs/ 200 3106 - 0.612 ms

info: GET /api-docs/ 304 - - 0.810 ms

info: GET /api-docs/ 304 - - 1.030 ms

info: GET /api-docs/ 304 - - 1.029 ms

info: GET /api-docs/ 304 - - 0.902 ms

info: GET /api-docs/ 304 - - 1.052 ms

info: GET /api-docs/ 304 - - 0.779 ms

info: GET /api-docs/ 304 - - 0.736 ms

info: GET /api-docs/ 304 - - 0.793 ms

info: GET /api-docs/ 304 - - 1.314 ms

info: GET /api-docs/ 304 - - 0.802 ms

info: GET /api-docs/ 304 - - 0.771 ms

info: GET /api-docs/ 304 - - 0.819 ms

info: GET /api-docs/ 304 - - 0.952 ms

info: GET /api-docs/ 304 - - 2.919 ms

info: GET /api-docs/ 304 - - 1.067 ms

info: GET /api-docs/ 304 - - 1.145 ms

info: GET /api-docs/ 304 - - 0.242 ms

info: GET /api-docs/ 304 - - 1.620 ms

info: GET /api-docs/ 304 - - 4.459 ms

info: GET /api-docs/ 304 - - 6.907 ms

info: GET /api-docs/ 304 - - 1.095 ms

info: GET /api-docs/ 304 - - 1.260 ms

info: GET /api-docs/ 304 - - 0.939 ms

info: GET /api-docs/ 304 - - 0.743 ms

info: GET /api-docs/ 304 - - 1.435 ms

info: GET /api-docs/ 304 - - 1.021 ms

info: GET /api-docs/ 304 - - 2.689 ms

info: GET /api-docs/ 304 - - 0.672 ms

info: GET /api-docs/ 304 - - 1.473 ms

info: GET /api-docs/ 304 - - 0.698 ms

info: GET /api-docs/ 304 - - 1.278 ms

info: GET /api-docs/ 304 - - 0.724 ms

info: GET /api-docs/ 304 - - 0.713 ms

info: GET /api-docs/ 304 - - 1.053 ms

info: GET /api-docs/ 304 - - 0.892 ms

info: GET /api-docs/ 304 - - 0.413 ms

info: GET /api-docs/ 304 - - 0.702 ms

info: GET /api-docs/ 304 - - 1.008 ms

info: GET /api-docs/ 304 - - 7.058 ms

info: GET /api-docs/ 304 - - 1.206 ms

info: GET /api-docs/ 304 - - 0.501 ms

info: GET /api-docs/ 304 - - 0.575 ms

info: GET /api-docs/ 304 - - 0.724 ms

info: GET /api-docs/ 304 - - 0.569 ms

info: GET /api-docs/ 304 - - 0.412 ms

info: GET /api-docs/ 304 - - 0.508 ms

info: GET /api-docs/ 304 - - 0.550 ms

info: GET /api-docs/ 304 - - 0.362 ms

info: GET /api-docs/ 304 - - 0.289 ms

info: GET /api-docs/ 304 - - 0.474 ms

info: GET /api-docs/ 304 - - 0.666 ms

info: GET /api-docs/ 304 - - 0.453 ms

info: GET /api-docs/ 304 - - 0.507 ms

info: GET /api-docs/ 304 - - 0.418 ms

info: GET /api-docs/ 304 - - 0.436 ms

info: GET /api-docs/ 304 - - 0.577 ms

info: GET /api-docs/ 304 - - 0.515 ms

info: GET /api-docs/ 304 - - 0.506 ms

info: GET /api-docs/ 304 - - 0.804 ms

info: GET /api-docs/ 304 - - 0.404 ms

info: GET /api-docs/ 304 - - 0.585 ms

info: GET /api-docs/ 304 - - 0.769 ms

info: GET /api-docs/ 304 - - 0.437 ms

info: GET /api-docs/ 304 - - 0.414 ms

info: GET /api-docs/ 304 - - 0.426 ms

info: GET /api-docs/ 304 - - 0.462 ms

info: GET /api-docs/ 304 - - 0.448 ms

info: GET /api-docs/ 304 - - 0.436 ms

info: GET /api-docs/ 304 - - 0.464 ms

info: GET /api-docs/ 304 - - 0.407 ms

info: GET /api-docs/ 304 - - 0.430 ms

info: GET /api-docs/ 304 - - 0.527 ms

info: GET /api-docs/ 304 - - 0.567 ms

info: GET /api-docs/ 304 - - 0.436 ms

info: GET /api-docs/ 304 - - 0.597 ms

info: GET /api-docs/ 304 - - 2.075 ms

info: GET /api-docs/ 304 - - 0.467 ms

info: GET /api-docs/ 304 - - 0.894 ms

info: GET /api-docs/ 304 - - 0.954 ms

info: GET /api-docs/ 304 - - 0.919 ms

info: GET /api-docs/ 304 - - 0.892 ms

info: GET /api-docs/ 304 - - 0.629 ms

info: GET /api-docs/ 304 - - 2.467 ms

info: GET /api-docs/ 304 - - 1.186 ms

info: GET /api-docs/ 304 - - 1.426 ms

info: GET /api-docs/ 304 - - 0.780 ms

info: GET /api-docs/ 304 - - 0.538 ms

info: GET /api-docs/ 304 - - 1.127 ms

info: GET /api-docs/ 304 - - 1.440 ms

info: GET / 404 47 - 2.007 ms

info: GET /api/v1/users 400 56 - 2.893 ms

info: GET /api-docs/ 304 - - 1.583 ms

info: GET /api-docs/ 304 - - 4.380 ms

info: GET /api-docs/ 304 - - 1.157 ms

info: GET /api-docs/ 304 - - 0.685 ms

info: GET /api-docs/ 304 - - 0.734 ms

info: GET /api-docs/ 304 - - 0.469 ms

info: GET /api-docs/ 304 - - 1.067 ms

info: GET /api-dc=ocs 404 47 - 19.802 ms

info: GET /favicon.ico 404 47 - 0.772 ms

info: GET /api-docs 301 158 - 8.254 ms

info: GET /api-docs/ 200 3106 - 2.082 ms

info: GET /api-docs/swagger-ui-init.js 200 4650 - 0.207 ms

info: GET /api-docs/swagger-ui.css 200 154985 - 9.252 ms

info: GET /api-docs/swagger-ui-standalone-preset.js 200 229223 - 14.046 ms

info: GET /api-docs/swagger-ui-bundle.js 200 1466741 - 10.051 ms

info: GET /api-docs/favicon-32x32.png 200 628 - 2.200 ms

info: GET /api-docs/ 304 - - 1.600 ms

info: GET /api-docs/ 304 - - 1.194 ms

info: GET /api-docs/ 304 - - 0.976 ms

info: GET /api-docs/ 304 - - 1.604 ms

info: POST /users/login 404 47 - 0.370 ms

info: POST /users/login 404 47 - 0.557 ms

info: POST /users/login 404 47 - 0.211 ms

info: GET /api-docs/ 304 - - 5.444 ms

info: GET /api-docs/swagger-ui.css 304 - - 5.697 ms

info: GET /api-docs/swagger-ui-bundle.js 304 - - 3.995 ms

info: GET /api-docs/swagger-ui-init.js 200 4657 - 0.290 ms

info: GET /api-docs/swagger-ui-standalone-preset.js 304 - - 4.409 ms

info: GET /api-docs/favicon-32x32.png 304 - - 0.450 ms

info: POST /api/v1/users/login 500 75 - 47.125 ms

info: POST /api/v1/users/login 500 75 - 5.321 ms

info: PUT /api/v1/books/wishlist 500 55 - 317.052 ms

info: PUT /api/v1/books/wishlist 200 47 - 46.220 ms

info: GET /api/v1/users/ 200 2293 - 25.174 ms

