info: GET /api/v1/users 200 2293 - 73.499 ms

info: GET /api/v1/users 304 - - 7.890 ms

info: GET /api/v1/books 304 - - 39.579 ms

info: GET /api/v1/users 304 - - 10.226 ms

info: GET /api/v1/users 304 - - 98.678 ms

info: POST /api/v1/users/register 201 214 - 119.037 ms

info: POST /api/v1/users/google-login 500 59 - 23.290 ms

info: POST /api/v1/users/google-login 500 59 - 14.029 ms

info: POST /api/v1/users/google-login 500 59 - 12.429 ms

info: POST /api/v1/users/google-login 500 59 - 71.663 ms

info: POST /api/v1/users/google-login 500 59 - 11.198 ms

info: POST /api/v1/users/google-login 500 59 - 15.625 ms

info: POST /api/v1/users/google-login 500 59 - 7.587 ms

info: POST /api/v1/users/google-login 500 56 - 6.140 ms

info: POST /api/v1/users/google-login 500 56 - 13.628 ms

info: POST /api/v1/users/google-login 500 88 - 233.562 ms

info: POST /api/v1/users/google-login 500 88 - 16.856 ms

info: POST /api/v1/users/google-login 500 88 - 14.249 ms

info: POST /api/v1/users/google-login 500 88 - 15.144 ms

info: POST /api/v1/users/google-login 201 222 - 147.409 ms

info: GET /api/v1/users 200 286 - 61.350 ms

info: GET /api/v1/users 304 - - 19.672 ms

info: GET /api/v1/books 304 - - 106.593 ms

info: GET /api/v1/users 304 - - 8.055 ms

info: GET /api/v1/users 304 - - 23.536 ms

info: GET /api/v1/users 304 - - 2.897 ms

info: GET /api/v1/users 304 - - 1.952 ms

info: GET /api/v1/users 304 - - 6.047 ms

info: GET /api/v1/users 304 - - 4.667 ms

info: GET /api/v1/users 304 - - 4.181 ms

info: GET /api/v1/users 304 - - 3.870 ms

info: GET /api/v1/users 304 - - 2.651 ms

info: GET /api/v1/users 304 - - 3.440 ms

info: GET /api/v1/users 304 - - 3.548 ms

info: GET /api/v1/users 304 - - 2.902 ms

info: GET /api/v1/users 304 - - 2.888 ms

info: GET /api/v1/users 304 - - 3.162 ms

info: GET /api/v1/users 304 - - 2.747 ms

info: GET /api/v1/users 304 - - 2.362 ms

info: GET /api/v1/users 304 - - 3.090 ms

info: GET /api/v1/users 304 - - 3.456 ms

info: GET /api/v1/users 304 - - 3.134 ms

info: GET /api/v1/users 304 - - 1.219 ms

info: GET /api/v1/users 304 - - 2.277 ms

info: GET /api/v1/users 304 - - 1.282 ms

info: GET /api/v1/users 304 - - 4.494 ms

info: GET /api/v1/users 304 - - 3.963 ms

info: GET /api/v1/users 304 - - 3.240 ms

info: GET /api/v1/users 304 - - 3.184 ms

info: GET /api/v1/users 304 - - 3.015 ms

info: GET /api/v1/users 304 - - 5.393 ms

info: GET /api/v1/users 304 - - 3.482 ms

info: GET /api/v1/users 304 - - 2.765 ms

info: GET /api/v1/users 304 - - 3.538 ms

info: GET /api/v1/users 304 - - 2.732 ms

info: GET /api/v1/users 304 - - 2.224 ms

info: GET /api/v1/users 304 - - 2.673 ms

info: GET /api/v1/users 304 - - 6.040 ms

info: GET /api/v1/users 304 - - 2.740 ms

info: GET /api/v1/users 304 - - 3.440 ms

info: GET /api/v1/users 304 - - 3.546 ms

info: GET /api/v1/users 304 - - 3.556 ms

info: GET /api/v1/users 304 - - 4.123 ms

info: GET /api/v1/users 304 - - 2.990 ms

info: GET /api/v1/users 304 - - 3.817 ms

info: GET /api/v1/users 304 - - 3.034 ms

info: GET /api/v1/users 304 - - 3.822 ms

info: GET /api/v1/users 304 - - 2.829 ms

info: GET /api/v1/users 304 - - 1.721 ms

info: GET /api/v1/users 304 - - 2.318 ms

info: GET /api/v1/users 304 - - 2.976 ms

info: GET /api/v1/users 304 - - 3.092 ms

info: GET /api/v1/users 304 - - 3.809 ms

info: GET /api/v1/users 304 - - 7.941 ms

info: GET /api/v1/users 304 - - 3.291 ms

info: GET /api/v1/users 304 - - 3.114 ms

info: GET /api/v1/users 304 - - 2.655 ms

info: GET /api/v1/users 304 - - 2.435 ms

info: GET /api/v1/users 304 - - 1.944 ms

info: GET /api/v1/users 304 - - 2.700 ms

info: GET /api/v1/users 304 - - 2.479 ms

info: GET /api/v1/users 304 - - 3.713 ms

info: GET /api/v1/users 304 - - 3.124 ms

info: GET /api/v1/users 304 - - 3.084 ms

info: GET /api/v1/users 304 - - 3.731 ms

info: GET /api/v1/users 304 - - 3.546 ms

info: GET /api/v1/users 304 - - 1.656 ms

info: GET /api/v1/users 304 - - 2.254 ms

info: GET /api/v1/users 304 - - 1.284 ms

info: GET /api/v1/users 304 - - 2.280 ms

info: GET /api/v1/users 304 - - 2.638 ms

info: GET /api/v1/users 304 - - 6.416 ms

info: GET /api/v1/users 304 - - 3.210 ms

info: GET /api/v1/users 304 - - 3.397 ms

info: GET /api/v1/users 304 - - 1.207 ms

info: GET /api/v1/users 304 - - 1.143 ms

info: GET /api/v1/users 304 - - 1.861 ms

info: GET /api/v1/users 304 - - 3.124 ms

info: GET /api/v1/users 304 - - 2.866 ms

info: GET /api/v1/users 304 - - 3.235 ms

info: GET /api/v1/users 304 - - 2.584 ms

info: GET /api/v1/users 304 - - 6.262 ms

info: GET /api/v1/users 304 - - 3.087 ms

info: GET /api/v1/users 304 - - 2.344 ms

info: GET /api/v1/users 304 - - 3.230 ms

info: GET /api/v1/users 304 - - 3.027 ms

info: GET /api/v1/users 304 - - 2.412 ms

info: GET /api/v1/users 304 - - 5.874 ms

info: GET /api/v1/users 304 - - 3.166 ms

info: GET /api/v1/users 304 - - 2.859 ms

info: GET /api/v1/users 304 - - 3.520 ms

info: GET /api/v1/users 304 - - 2.806 ms

info: GET /api/v1/users 304 - - 10.015 ms

info: GET /api/v1/users 304 - - 5.708 ms

info: GET /api/v1/users 304 - - 3.904 ms

info: GET /api/v1/users 304 - - 2.764 ms

info: GET /api/v1/users 304 - - 2.868 ms

info: GET /api/v1/users 304 - - 3.857 ms

info: GET /api/v1/users 304 - - 2.980 ms

info: GET /api/v1/users 304 - - 2.726 ms

info: GET /api/v1/users 304 - - 2.717 ms

info: GET /api/v1/users 304 - - 4.057 ms

info: GET /api/v1/users 304 - - 2.195 ms

info: GET /api/v1/users 304 - - 3.223 ms

info: GET /api/v1/users 304 - - 2.714 ms

info: GET /api/v1/users 304 - - 2.966 ms

info: GET /api/v1/users 304 - - 3.193 ms

info: GET /api/v1/users 304 - - 10.476 ms

info: GET /api/v1/users 304 - - 2.777 ms

info: GET /api/v1/users 304 - - 1.219 ms

info: GET /api/v1/users 304 - - 1.123 ms

info: GET /api/v1/users 304 - - 2.735 ms

info: GET /api/v1/users 304 - - 3.288 ms

info: GET /api/v1/users 304 - - 3.271 ms

info: GET /api/v1/users 304 - - 1.783 ms

info: GET /api/v1/users 304 - - 2.637 ms

info: GET /api/v1/users 304 - - 2.221 ms

info: GET /api/v1/users 304 - - 2.903 ms

info: GET /api/v1/users 304 - - 2.701 ms

info: GET /api/v1/users 304 - - 2.551 ms

info: GET /api/v1/users 304 - - 2.966 ms

info: GET /api/v1/users 304 - - 2.951 ms

info: GET /api/v1/users 304 - - 2.881 ms

info: GET /api/v1/users 304 - - 1.880 ms

info: GET /api/v1/users 304 - - 3.152 ms

info: GET /api/v1/users 304 - - 2.805 ms

info: GET /api/v1/users 304 - - 2.316 ms

info: GET /api/v1/users 304 - - 2.561 ms

info: GET /api/v1/users 304 - - 2.676 ms

info: GET /api/v1/users 304 - - 2.558 ms

info: GET /api/v1/users 304 - - 2.801 ms

info: GET /api/v1/users 304 - - 2.453 ms

info: GET /api/v1/users 304 - - 2.234 ms

info: GET /api/v1/users 304 - - 5.494 ms

info: GET /api/v1/users 304 - - 1.323 ms

info: GET /api/v1/users 304 - - 2.659 ms

info: GET /api/v1/users 304 - - 2.427 ms

info: GET /api/v1/users 304 - - 2.065 ms

info: GET /api/v1/users 304 - - 2.608 ms

info: GET /api/v1/users 304 - - 2.564 ms

info: GET /api/v1/users 304 - - 2.030 ms

info: GET /api/v1/users 304 - - 2.784 ms

info: GET /api/v1/users 304 - - 2.644 ms

info: GET /api/v1/users 304 - - 2.189 ms

info: GET /api/v1/users 304 - - 2.472 ms

info: GET /api/v1/users 304 - - 3.018 ms

info: GET /api/v1/users 304 - - 2.611 ms

info: GET /api/v1/users 304 - - 2.629 ms

info: GET /api/v1/users 304 - - 2.598 ms

info: GET /api/v1/users 304 - - 2.609 ms

info: GET /api/v1/users 304 - - 2.485 ms

info: GET /api/v1/users 304 - - 2.615 ms

info: GET /api/v1/users 304 - - 2.963 ms

info: GET /api/v1/users 304 - - 2.698 ms

info: GET /api/v1/users 304 - - 2.868 ms

info: GET /api/v1/users 304 - - 2.151 ms

info: GET /api/v1/users 304 - - 2.849 ms

info: GET /api/v1/users 304 - - 2.022 ms

info: GET /api/v1/users 304 - - 2.425 ms

info: GET /api/v1/users 304 - - 2.419 ms

info: GET /api/v1/users 304 - - 1.986 ms

info: GET /api/v1/users 304 - - 2.135 ms

info: GET /api/v1/users 304 - - 2.291 ms

info: GET /api/v1/users 304 - - 1.794 ms

info: GET /api/v1/users 304 - - 1.317 ms

info: GET /api/v1/users 304 - - 1.104 ms

info: GET /api/v1/users 304 - - 0.987 ms

info: GET /api/v1/users 304 - - 2.816 ms

info: GET /api/v1/users 304 - - 3.845 ms

info: GET /api/v1/users 304 - - 2.914 ms

info: GET /api/v1/users 304 - - 3.101 ms

info: GET /api/v1/users 304 - - 2.393 ms

info: GET /api/v1/users 304 - - 2.523 ms

info: GET /api/v1/users 304 - - 1.970 ms

info: GET /api/v1/users 304 - - 2.793 ms

info: GET /api/v1/users 304 - - 3.237 ms

info: GET /api/v1/users 304 - - 2.830 ms

info: GET /api/v1/users 304 - - 2.545 ms

info: GET /api/v1/users 304 - - 1.433 ms

info: GET /api/v1/users 304 - - 1.110 ms

info: GET /api/v1/users 304 - - 1.297 ms

info: GET /api/v1/users 304 - - 1.799 ms

info: GET /api/v1/users 304 - - 2.802 ms

info: GET /api/v1/users 304 - - 2.345 ms

info: GET /api/v1/users 304 - - 2.923 ms

info: GET /api/v1/users 304 - - 2.780 ms

info: GET /api/v1/users 304 - - 2.261 ms

info: GET /api/v1/users 304 - - 2.391 ms

info: GET /api/v1/users 304 - - 2.712 ms

info: GET /api/v1/users 304 - - 3.074 ms

info: GET /api/v1/users 304 - - 2.797 ms

info: GET /api/v1/users 304 - - 2.848 ms

info: GET /api/v1/users 304 - - 2.445 ms

info: GET /api/v1/users 304 - - 2.513 ms

info: GET /api/v1/users 304 - - 2.187 ms

info: GET /api/v1/users 304 - - 2.477 ms

info: GET /api/v1/users 304 - - 2.428 ms

info: GET /api/v1/users 304 - - 2.525 ms

info: GET /api/v1/users 304 - - 2.680 ms

info: GET /api/v1/users 304 - - 2.419 ms

info: GET /api/v1/users 304 - - 2.562 ms

info: GET /api/v1/users 304 - - 2.841 ms

info: GET /api/v1/users 304 - - 2.862 ms

info: GET /api/v1/users 304 - - 2.749 ms

info: GET /api/v1/users 304 - - 2.753 ms

info: GET /api/v1/users 304 - - 2.547 ms

info: GET /api/v1/users 304 - - 2.839 ms

info: GET /api/v1/users 304 - - 2.491 ms

info: GET /api/v1/users 304 - - 2.656 ms

info: GET /api/v1/users 304 - - 2.409 ms

info: GET /api/v1/users 304 - - 2.391 ms

info: GET /api/v1/users 304 - - 2.520 ms

info: GET /api/v1/users 304 - - 2.899 ms

info: GET /api/v1/users 304 - - 1.935 ms

info: GET /api/v1/users 304 - - 1.256 ms

info: GET /api/v1/users 304 - - 3.113 ms

info: GET /api/v1/users 304 - - 2.597 ms

info: GET /api/v1/users 304 - - 3.068 ms

info: GET /api/v1/users 304 - - 3.055 ms

info: GET /api/v1/users 304 - - 2.915 ms

info: GET /api/v1/users 304 - - 3.682 ms

info: GET /api/v1/users 304 - - 2.840 ms

info: GET /api/v1/users 304 - - 2.511 ms

info: GET /api/v1/users 304 - - 2.445 ms

info: GET /api/v1/users 304 - - 2.639 ms

info: GET /api/v1/users 304 - - 2.637 ms

info: GET /api/v1/users 304 - - 2.357 ms

info: GET /api/v1/users 304 - - 2.923 ms

info: GET /api/v1/users 304 - - 2.398 ms

info: GET /api/v1/users 304 - - 2.391 ms

info: GET /api/v1/users 304 - - 1.175 ms

info: GET /api/v1/users 304 - - 1.799 ms

info: GET /api/v1/users 304 - - 2.491 ms

info: GET /api/v1/users 304 - - 2.505 ms

info: GET /api/v1/users 304 - - 2.586 ms

info: GET /api/v1/users 304 - - 3.218 ms

info: GET /api/v1/users 304 - - 3.226 ms

info: GET /api/v1/users 304 - - 2.754 ms

info: GET /api/v1/users 304 - - 2.645 ms

info: GET /api/v1/users 304 - - 2.791 ms

info: GET /api/v1/users 304 - - 3.204 ms

info: GET /api/v1/users 304 - - 2.629 ms

info: GET /api/v1/users 304 - - 2.438 ms

info: GET /api/v1/users 304 - - 2.390 ms

info: GET /api/v1/users 304 - - 2.399 ms

info: GET /api/v1/users 304 - - 2.713 ms

info: GET /api/v1/users 304 - - 2.159 ms

info: GET /api/v1/users 304 - - 3.532 ms

info: GET /api/v1/users 304 - - 1.225 ms

info: GET /api/v1/users 304 - - 1.078 ms

info: GET /api/v1/users 304 - - 2.015 ms

info: GET /api/v1/users 304 - - 2.668 ms

info: GET /api/v1/users 304 - - 2.869 ms

info: GET /api/v1/users 304 - - 3.375 ms

info: GET /api/v1/users 304 - - 3.045 ms

info: GET /api/v1/users 304 - - 2.818 ms

info: GET /api/v1/users 304 - - 2.847 ms

info: GET /api/v1/users 304 - - 2.889 ms

info: GET /api/v1/users 304 - - 2.420 ms

info: GET /api/v1/users 304 - - 2.443 ms

info: GET /api/v1/users 304 - - 2.773 ms

info: GET /api/v1/users 304 - - 2.482 ms

info: GET /api/v1/users 304 - - 2.717 ms

info: GET /api/v1/users 304 - - 3.471 ms

info: GET /api/v1/users 304 - - 2.440 ms

info: GET /api/v1/users 304 - - 1.922 ms

info: GET /api/v1/users 304 - - 1.707 ms

info: GET /api/v1/users 304 - - 2.411 ms

info: GET /api/v1/users 304 - - 2.985 ms

info: GET /api/v1/users 304 - - 2.360 ms

info: GET /api/v1/users 304 - - 2.343 ms

info: GET /api/v1/users 304 - - 2.377 ms

info: GET /api/v1/users 304 - - 8.044 ms

info: GET /api/v1/users 304 - - 2.782 ms

info: GET /api/v1/users 304 - - 2.397 ms

info: GET /api/v1/users 304 - - 2.674 ms

info: GET /api/v1/users 304 - - 2.431 ms

info: GET /api/v1/users 304 - - 2.528 ms

info: GET /api/v1/users 304 - - 2.482 ms

info: GET /api/v1/users 304 - - 2.225 ms

info: GET /api/v1/users 304 - - 2.846 ms

info: GET /api/v1/users 304 - - 2.467 ms

info: GET /api/v1/users 304 - - 3.924 ms

info: GET /api/v1/users 304 - - 1.089 ms

info: GET /api/v1/users 304 - - 1.002 ms

info: GET /api/v1/users 304 - - 2.221 ms

info: GET /api/v1/users 304 - - 2.858 ms

info: GET /api/v1/users 304 - - 3.046 ms

info: GET /api/v1/users 304 - - 2.861 ms

info: GET /api/v1/users 304 - - 2.527 ms

info: GET /api/v1/users 304 - - 2.638 ms

info: GET /api/v1/users 304 - - 2.370 ms

info: GET /api/v1/users 304 - - 2.437 ms

info: GET /api/v1/users 304 - - 2.481 ms

info: GET /api/v1/users 304 - - 2.801 ms

info: GET /api/v1/users 304 - - 2.640 ms

info: GET /api/v1/users 304 - - 2.218 ms

info: GET /api/v1/users 304 - - 2.708 ms

info: GET /api/v1/users 304 - - 2.581 ms

info: GET /api/v1/users 304 - - 3.054 ms

info: GET /api/v1/users 304 - - 2.772 ms

info: GET /api/v1/users 304 - - 2.578 ms

info: GET /api/v1/users 304 - - 2.411 ms

info: GET /api/v1/users 304 - - 2.627 ms

info: GET /api/v1/users 304 - - 2.415 ms

info: GET /api/v1/users 304 - - 2.704 ms

info: GET /api/v1/users 304 - - 2.474 ms

info: GET /api/v1/users 304 - - 2.589 ms

info: GET /api/v1/users 304 - - 1.794 ms

info: GET /api/v1/users 304 - - 3.058 ms

info: GET /api/v1/users 304 - - 2.287 ms

info: GET /api/v1/users 304 - - 6.832 ms

info: GET /api/v1/users 304 - - 2.681 ms

info: GET /api/v1/users 304 - - 2.436 ms

info: GET /api/v1/users 304 - - 2.442 ms

info: GET /api/v1/users 304 - - 2.401 ms

info: GET /api/v1/users 304 - - 2.890 ms

info: GET /api/v1/users 304 - - 1.955 ms

info: GET /api/v1/users 304 - - 1.816 ms

info: GET /api/v1/users 304 - - 2.311 ms

info: GET /api/v1/users 304 - - 2.815 ms

info: GET /api/v1/users 304 - - 2.783 ms

info: GET /api/v1/users 304 - - 2.717 ms

info: GET /api/v1/users 304 - - 2.647 ms

info: GET /api/v1/users 304 - - 1.976 ms

info: GET /api/v1/users 304 - - 2.402 ms

info: GET /api/v1/users 304 - - 3.119 ms

info: GET /api/v1/users 304 - - 2.451 ms

info: GET /api/v1/users 304 - - 2.315 ms

info: GET /api/v1/users 304 - - 2.396 ms

info: GET /api/v1/users 304 - - 2.420 ms

info: GET /api/v1/users 304 - - 2.968 ms

info: GET /api/v1/users 304 - - 2.630 ms

info: GET /api/v1/users 304 - - 2.754 ms

info: GET /api/v1/users 304 - - 1.103 ms

info: GET /api/v1/users 304 - - 1.298 ms

info: GET /api/v1/users 304 - - 0.972 ms

info: GET /api/v1/users 304 - - 1.922 ms

info: GET /api/v1/users 304 - - 2.539 ms

info: GET /api/v1/users 304 - - 1.807 ms

info: GET /api/v1/users 304 - - 2.355 ms

info: GET /api/v1/users 304 - - 2.333 ms

info: GET /api/v1/users 304 - - 2.725 ms

info: GET /api/v1/users 304 - - 1.399 ms

info: GET /api/v1/users 304 - - 1.968 ms

info: GET /api/v1/users 304 - - 2.768 ms

info: GET /api/v1/users 304 - - 2.525 ms

info: GET /api/v1/users 304 - - 2.338 ms

info: GET /api/v1/users 304 - - 2.332 ms

info: GET /api/v1/users 304 - - 2.368 ms

info: GET /api/v1/users 304 - - 2.610 ms

info: GET /api/v1/users 304 - - 3.874 ms

info: GET /api/v1/users 304 - - 2.805 ms

info: GET /api/v1/users 304 - - 2.480 ms

info: GET /api/v1/users 304 - - 2.461 ms

info: GET /api/v1/users 304 - - 2.731 ms

info: GET /api/v1/users 304 - - 2.311 ms

info: GET /api/v1/users 304 - - 2.354 ms

info: GET /api/v1/users 304 - - 2.677 ms

info: GET /api/v1/users 304 - - 2.369 ms

info: GET /api/v1/users 304 - - 2.322 ms

info: GET /api/v1/users 304 - - 2.458 ms

info: GET /api/v1/users 304 - - 2.150 ms

info: GET /api/v1/users 304 - - 2.470 ms

info: GET /api/v1/users 304 - - 2.948 ms

info: GET /api/v1/users 304 - - 2.447 ms

info: GET /api/v1/users 304 - - 2.809 ms

info: GET /api/v1/users 304 - - 2.400 ms

info: GET /api/v1/users 304 - - 2.264 ms

info: GET /api/v1/users 304 - - 1.668 ms

info: GET /api/v1/users 304 - - 1.828 ms

info: GET /api/v1/users 304 - - 2.719 ms

info: GET /api/v1/users 304 - - 2.575 ms

info: GET /api/v1/users 304 - - 2.381 ms

info: GET /api/v1/users 304 - - 2.769 ms

info: GET /api/v1/users 304 - - 2.437 ms

info: GET /api/v1/users 304 - - 2.410 ms

info: GET /api/v1/users 304 - - 2.459 ms

info: GET /api/v1/users 304 - - 2.775 ms

info: GET /api/v1/users 304 - - 2.569 ms

info: GET /api/v1/users 304 - - 2.341 ms

info: GET /api/v1/users 304 - - 2.575 ms

info: GET /api/v1/users 304 - - 3.079 ms

info: GET /api/v1/users 304 - - 2.616 ms

info: GET /api/v1/users 304 - - 2.798 ms

info: GET /api/v1/users 304 - - 2.801 ms

info: GET /api/v1/users 304 - - 1.161 ms

info: GET /api/v1/users 304 - - 1.141 ms

info: GET /api/v1/users 304 - - 0.913 ms

info: GET /api/v1/users 304 - - 1.817 ms

info: GET /api/v1/users 304 - - 2.413 ms

info: GET /api/v1/users 304 - - 2.307 ms

info: GET /api/v1/users 304 - - 2.308 ms

info: GET /api/v1/users 304 - - 2.974 ms

info: GET /api/v1/users 304 - - 2.376 ms

info: GET /api/v1/users 304 - - 2.294 ms

info: GET /api/v1/users 304 - - 2.880 ms

info: GET /api/v1/users 304 - - 2.442 ms

info: GET /api/v1/users 304 - - 2.746 ms

info: GET /api/v1/users 304 - - 2.857 ms

info: GET /api/v1/users 304 - - 2.427 ms

info: GET /api/v1/users 304 - - 2.407 ms

info: GET /api/v1/users 304 - - 2.143 ms

info: GET /api/v1/users 304 - - 3.183 ms

info: GET /api/v1/users 304 - - 2.978 ms

info: GET /api/v1/users 304 - - 2.789 ms

info: GET /api/v1/users 304 - - 3.077 ms

info: GET /api/v1/users 304 - - 3.004 ms

info: GET /api/v1/users 304 - - 3.132 ms

info: GET /api/v1/users 304 - - 2.891 ms

info: GET /api/v1/users 304 - - 2.938 ms

info: GET /api/v1/users 304 - - 2.776 ms

info: GET /api/v1/users 304 - - 1.947 ms

info: GET /api/v1/users 304 - - 2.272 ms

info: GET /api/v1/users 304 - - 2.502 ms

info: GET /api/v1/users 304 - - 2.486 ms

info: GET /api/v1/users 304 - - 2.475 ms

info: GET /api/v1/users 304 - - 2.944 ms

info: GET /api/v1/users 304 - - 2.752 ms

info: GET /api/v1/users 304 - - 2.546 ms

info: GET /api/v1/users 304 - - 2.096 ms

info: GET /api/v1/users 304 - - 1.813 ms

info: GET /api/v1/users 304 - - 1.705 ms

info: GET /api/v1/users 304 - - 2.307 ms

info: GET /api/v1/users 304 - - 3.200 ms

info: GET /api/v1/users 304 - - 2.449 ms

info: GET /api/v1/users 304 - - 2.495 ms

info: GET /api/v1/users 304 - - 2.766 ms

info: GET /api/v1/users 304 - - 2.873 ms

info: GET /api/v1/users 304 - - 2.561 ms

info: GET /api/v1/users 304 - - 2.310 ms

info: GET /api/v1/users 304 - - 2.313 ms

info: GET /api/v1/users 304 - - 2.559 ms

info: GET /api/v1/users 304 - - 1.765 ms

info: GET /api/v1/users 304 - - 2.823 ms

info: GET /api/v1/users 304 - - 3.516 ms

info: GET /api/v1/users 304 - - 2.366 ms

info: GET /api/v1/users 304 - - 2.271 ms

info: GET /api/v1/users 304 - - 1.093 ms

info: GET /api/v1/users 304 - - 1.054 ms

info: GET /api/v1/users 304 - - 0.956 ms

info: GET /api/v1/users 304 - - 1.810 ms

info: GET /api/v1/users 304 - - 2.639 ms

info: GET /api/v1/users 304 - - 2.542 ms

info: GET /api/v1/users 304 - - 2.324 ms

info: GET /api/v1/users 304 - - 2.514 ms

info: GET /api/v1/users 304 - - 2.317 ms

info: GET /api/v1/users 304 - - 2.078 ms

info: GET /api/v1/users 304 - - 2.642 ms

info: GET /api/v1/users 304 - - 1.767 ms

info: GET /api/v1/users 304 - - 2.061 ms

info: GET /api/v1/users 304 - - 2.666 ms

info: GET /api/v1/users 304 - - 1.796 ms

info: GET /api/v1/users 304 - - 2.736 ms

info: GET /api/v1/users 304 - - 2.257 ms

info: GET /api/v1/users 304 - - 2.457 ms

info: GET /api/v1/users 304 - - 2.736 ms

info: GET /api/v1/users 304 - - 2.423 ms

info: GET /api/v1/users 304 - - 2.405 ms

info: GET /api/v1/users 304 - - 2.362 ms

info: GET /api/v1/users 304 - - 2.422 ms

info: GET /api/v1/users 304 - - 2.584 ms

info: GET /api/v1/users 304 - - 2.297 ms

info: GET /api/v1/users 304 - - 2.361 ms

info: GET /api/v1/users 304 - - 2.611 ms

info: GET /api/v1/users 304 - - 2.541 ms

info: GET /api/v1/users 304 - - 2.554 ms

info: GET /api/v1/users 304 - - 2.460 ms

info: GET /api/v1/users 304 - - 2.274 ms

info: GET /api/v1/users 304 - - 2.450 ms

info: GET /api/v1/users 304 - - 2.525 ms

info: GET /api/v1/users 304 - - 2.395 ms

info: GET /api/v1/users 304 - - 2.686 ms

info: GET /api/v1/users 304 - - 1.643 ms

info: GET /api/v1/users 304 - - 1.814 ms

info: GET /api/v1/users 304 - - 3.472 ms

info: GET /api/v1/users 304 - - 2.469 ms

info: GET /api/v1/users 304 - - 2.457 ms

info: GET /api/v1/users 304 - - 2.309 ms

info: GET /api/v1/users 304 - - 2.563 ms

info: GET /api/v1/users 304 - - 2.513 ms

info: GET /api/v1/users 304 - - 2.361 ms

info: GET /api/v1/users 304 - - 2.723 ms

info: GET /api/v1/users 304 - - 2.391 ms

info: GET /api/v1/users 304 - - 2.678 ms

info: GET /api/v1/users 304 - - 2.435 ms

info: GET /api/v1/users 304 - - 2.658 ms

info: GET /api/v1/users 304 - - 2.271 ms

info: GET /api/v1/users 304 - - 2.746 ms

info: GET /api/v1/users 304 - - 2.581 ms

info: GET /api/v1/users 304 - - 1.307 ms

info: GET /api/v1/users 304 - - 1.053 ms

info: GET /api/v1/users 304 - - 0.918 ms

info: GET /api/v1/users 304 - - 1.886 ms

info: GET /api/v1/users 304 - - 2.981 ms

info: GET /api/v1/users 304 - - 2.593 ms

info: GET /api/v1/users 304 - - 2.333 ms

info: GET /api/v1/users 304 - - 2.466 ms

info: GET /api/v1/users 304 - - 2.461 ms

info: GET /api/v1/users 304 - - 3.165 ms

info: GET /api/v1/users 304 - - 3.000 ms

info: GET /api/v1/users 304 - - 2.795 ms

info: GET /api/v1/users 304 - - 2.222 ms

info: GET /api/v1/users 304 - - 3.041 ms

info: GET /api/v1/users 304 - - 3.865 ms

info: GET /api/v1/users 304 - - 2.784 ms

info: GET /api/v1/users 304 - - 2.883 ms

info: GET /api/v1/users 304 - - 3.905 ms

info: GET /api/v1/users 304 - - 2.082 ms

info: GET /api/v1/users 304 - - 3.073 ms

info: GET /api/v1/users 304 - - 2.540 ms

info: GET /api/v1/users 304 - - 3.824 ms

info: GET /api/v1/users 304 - - 2.247 ms

info: GET /api/v1/users 304 - - 3.163 ms

info: GET /api/v1/users 304 - - 2.732 ms

info: GET /api/v1/users 304 - - 2.642 ms

info: GET /api/v1/users 304 - - 2.717 ms

info: GET /api/v1/users 304 - - 2.783 ms

info: GET /api/v1/users 304 - - 2.199 ms

info: GET /api/v1/users 304 - - 2.373 ms

info: GET /api/v1/users 304 - - 2.241 ms

info: GET /api/v1/users 304 - - 2.523 ms

info: GET /api/v1/users 304 - - 2.619 ms

info: GET /api/v1/users 304 - - 2.341 ms

info: GET /api/v1/users 304 - - 2.722 ms

info: GET /api/v1/users 304 - - 1.061 ms

info: GET /api/v1/users 304 - - 1.400 ms

info: GET /api/v1/users 304 - - 2.852 ms

info: GET /api/v1/users 304 - - 2.206 ms

info: GET /api/v1/users 304 - - 2.180 ms

info: GET /api/v1/users 304 - - 2.317 ms

info: GET /api/v1/users 304 - - 2.338 ms

info: GET /api/v1/users 304 - - 2.331 ms

info: GET /api/v1/users 304 - - 2.731 ms

info: GET /api/v1/users 304 - - 2.133 ms

info: GET /api/v1/users 304 - - 2.399 ms

info: GET /api/v1/users 304 - - 2.257 ms

info: GET /api/v1/users 304 - - 2.264 ms

info: GET /api/v1/users 304 - - 2.318 ms

info: GET /api/v1/users 304 - - 2.271 ms

info: GET /api/v1/users 304 - - 2.598 ms

info: GET /api/v1/users 304 - - 2.473 ms

info: GET /api/v1/users 304 - - 1.180 ms

info: GET /api/v1/users 304 - - 1.030 ms

info: GET /api/v1/users 304 - - 0.927 ms

info: GET /api/v1/users 304 - - 0.915 ms

info: GET /api/v1/users 304 - - 1.874 ms

info: GET /api/v1/users 304 - - 3.035 ms

info: GET /api/v1/users 304 - - 2.207 ms

info: GET /api/v1/users 304 - - 2.002 ms

info: GET /api/v1/users 304 - - 1.967 ms

info: GET /api/v1/users 304 - - 1.741 ms

info: GET /api/v1/users 304 - - 2.877 ms

info: GET /api/v1/users 304 - - 2.392 ms

info: GET /api/v1/users 304 - - 2.524 ms

info: GET /api/v1/users 304 - - 2.503 ms

info: GET /api/v1/users 304 - - 2.696 ms

info: GET /api/v1/users 304 - - 2.323 ms

info: GET /api/v1/users 304 - - 2.389 ms

info: GET /api/v1/users 304 - - 3.044 ms

info: GET /api/v1/users 304 - - 2.495 ms

info: GET /api/v1/users 304 - - 2.608 ms

info: GET /api/v1/users 304 - - 2.242 ms

info: GET /api/v1/users 304 - - 2.308 ms

info: GET /api/v1/users 304 - - 2.418 ms

info: GET /api/v1/users 304 - - 2.352 ms

info: GET /api/v1/users 304 - - 2.255 ms

info: GET /api/v1/users 304 - - 2.277 ms

info: GET /api/v1/users 304 - - 2.525 ms

info: GET /api/v1/users 304 - - 3.075 ms

info: GET /api/v1/users 304 - - 2.362 ms

info: GET /api/v1/users 304 - - 2.652 ms

info: GET /api/v1/users 304 - - 1.754 ms

info: GET /api/v1/users 304 - - 1.984 ms

info: GET /api/v1/users 304 - - 2.243 ms

info: GET /api/v1/users 304 - - 2.802 ms

info: GET /api/v1/users 304 - - 2.427 ms

info: GET /api/v1/users 304 - - 1.073 ms

info: GET /api/v1/users 304 - - 1.142 ms

info: GET /api/v1/users 304 - - 2.224 ms

info: GET /api/v1/users 304 - - 2.496 ms

info: GET /api/v1/users 304 - - 2.127 ms

info: GET /api/v1/users 304 - - 2.326 ms

info: GET /api/v1/users 304 - - 2.194 ms

info: GET /api/v1/users 304 - - 2.378 ms

info: GET /api/v1/users 304 - - 2.815 ms

info: GET /api/v1/users 304 - - 2.782 ms

info: GET /api/v1/users 304 - - 2.557 ms

info: GET /api/v1/users 304 - - 2.571 ms

info: GET /api/v1/users 304 - - 2.527 ms

info: GET /api/v1/users 304 - - 2.393 ms

info: GET /api/v1/users 304 - - 2.386 ms

info: GET /api/v1/users 304 - - 2.423 ms

info: GET /api/v1/users 304 - - 2.673 ms

info: GET /api/v1/users 304 - - 1.252 ms

info: GET /api/v1/users 304 - - 1.038 ms

info: GET /api/v1/users 304 - - 2.745 ms

info: GET /api/v1/users 304 - - 1.417 ms

info: GET /api/v1/users 304 - - 1.066 ms

info: GET /api/v1/users 304 - - 2.013 ms

info: GET /api/v1/users 304 - - 2.607 ms

info: GET /api/v1/users 304 - - 1.755 ms

info: GET /api/v1/users 304 - - 2.350 ms

info: GET /api/v1/users 304 - - 2.359 ms

info: GET /api/v1/users 304 - - 2.895 ms

info: GET /api/v1/users 304 - - 2.312 ms

info: GET /api/v1/users 304 - - 2.637 ms

info: GET /api/v1/users 304 - - 12.683 ms

info: GET /api/v1/users 304 - - 1.420 ms

info: GET /api/v1/users 304 - - 2.678 ms

info: GET /api/v1/users 304 - - 2.152 ms

info: GET /api/v1/users 304 - - 3.047 ms

info: GET /api/v1/users 304 - - 2.436 ms

info: GET /api/v1/users 304 - - 2.472 ms

info: GET /api/v1/users 304 - - 2.499 ms

info: GET /api/v1/users 304 - - 2.143 ms

info: GET /api/v1/users 304 - - 2.481 ms

info: GET /api/v1/users 304 - - 2.855 ms

info: GET /api/v1/users 304 - - 2.230 ms

info: GET /api/v1/users 304 - - 2.337 ms

info: GET /api/v1/users 304 - - 2.349 ms

info: GET /api/v1/users 304 - - 2.236 ms

info: GET /api/v1/users 304 - - 2.269 ms

info: GET /api/v1/users 304 - - 2.466 ms

info: GET /api/v1/users 304 - - 2.459 ms

info: GET /api/v1/users 304 - - 2.280 ms

info: GET /api/v1/users 304 - - 2.257 ms

info: GET /api/v1/users 304 - - 2.829 ms

info: GET /api/v1/users 304 - - 1.710 ms

info: GET /api/v1/users 304 - - 0.991 ms

info: GET /api/v1/users 304 - - 1.074 ms

info: GET /api/v1/users 304 - - 2.216 ms

info: GET /api/v1/users 304 - - 2.199 ms

info: GET /api/v1/users 304 - - 2.196 ms

info: GET /api/v1/users 304 - - 2.483 ms

info: GET /api/v1/users 304 - - 2.606 ms

info: GET /api/v1/users 304 - - 3.499 ms

info: GET /api/v1/users 304 - - 2.188 ms

info: GET /api/v1/users 304 - - 2.228 ms

info: GET /api/v1/users 304 - - 1.756 ms

info: GET /api/v1/users 304 - - 3.341 ms

info: GET /api/v1/users 304 - - 2.260 ms

info: GET /api/v1/users 304 - - 2.317 ms

info: GET /api/v1/users 304 - - 2.240 ms

info: GET /api/v1/users 304 - - 2.246 ms

info: GET /api/v1/users 304 - - 2.634 ms

info: GET /api/v1/users 304 - - 1.222 ms

info: GET /api/v1/users 304 - - 1.317 ms

info: GET /api/v1/users 304 - - 1.005 ms

info: GET /api/v1/users 304 - - 0.875 ms

info: GET /api/v1/users 304 - - 2.241 ms

info: GET /api/v1/users 304 - - 2.466 ms

info: GET /api/v1/users 304 - - 2.351 ms

info: GET /api/v1/users 304 - - 2.278 ms

info: GET /api/v1/users 304 - - 2.376 ms

info: GET /api/v1/users 304 - - 2.763 ms

info: GET /api/v1/users 304 - - 2.877 ms

info: GET /api/v1/users 304 - - 2.403 ms

info: GET /api/v1/users 304 - - 2.875 ms

info: GET /api/v1/users 304 - - 2.290 ms

info: GET /api/v1/users 304 - - 2.205 ms

info: GET /api/v1/users 304 - - 2.532 ms

info: GET /api/v1/users 304 - - 2.286 ms

info: GET /api/v1/users 304 - - 3.346 ms

info: GET /api/v1/users 304 - - 2.398 ms

info: GET /api/v1/users 304 - - 3.920 ms

info: GET /api/v1/users 304 - - 2.424 ms

info: GET /api/v1/users 304 - - 1.966 ms

info: GET /api/v1/users 304 - - 2.234 ms

info: GET /api/v1/users 304 - - 2.220 ms

info: GET /api/v1/users 304 - - 2.258 ms

info: GET /api/v1/users 304 - - 4.847 ms

info: GET /api/v1/users 304 - - 2.317 ms

info: GET /api/v1/users 304 - - 2.626 ms

info: GET /api/v1/users 304 - - 2.624 ms

info: GET /api/v1/users 304 - - 1.795 ms

info: GET /api/v1/users 304 - - 2.205 ms

info: GET /api/v1/users 304 - - 2.320 ms

info: GET /api/v1/users 304 - - 2.307 ms

info: GET /api/v1/users 304 - - 2.316 ms

info: GET /api/v1/users 304 - - 2.555 ms

info: GET /api/v1/users 304 - - 1.048 ms

info: GET /api/v1/users 304 - - 1.075 ms

info: GET /api/v1/users 304 - - 2.153 ms

info: GET /api/v1/users 304 - - 2.844 ms

info: GET /api/v1/users 304 - - 2.438 ms

info: GET /api/v1/users 304 - - 2.610 ms

info: GET /api/v1/users 304 - - 2.786 ms

info: GET /api/v1/users 304 - - 2.298 ms

info: GET /api/v1/users 304 - - 2.332 ms

info: GET /api/v1/users 304 - - 2.813 ms

info: GET /api/v1/users 304 - - 2.172 ms

info: GET /api/v1/users 304 - - 2.339 ms

info: GET /api/v1/users 304 - - 2.530 ms

info: GET /api/v1/users 304 - - 2.527 ms

info: GET /api/v1/users 304 - - 2.658 ms

info: GET /api/v1/users 304 - - 6.755 ms

info: GET /api/v1/users 304 - - 2.691 ms

info: GET /api/v1/users 304 - - 1.081 ms

info: GET /api/v1/users 304 - - 1.226 ms

info: GET /api/v1/users 304 - - 0.959 ms

info: GET /api/v1/users 304 - - 0.856 ms

info: GET /api/v1/users 304 - - 1.550 ms

info: GET /api/v1/users 304 - - 2.232 ms

info: GET /api/v1/users 304 - - 2.246 ms

info: GET /api/v1/users 304 - - 2.326 ms

info: GET /api/v1/users 304 - - 2.709 ms

info: GET /api/v1/users 304 - - 2.610 ms

info: GET /api/v1/users 304 - - 2.290 ms

info: GET /api/v1/users 304 - - 2.719 ms

info: GET /api/v1/users 304 - - 2.340 ms

info: GET /api/v1/users 304 - - 2.390 ms

info: GET /api/v1/users 304 - - 2.205 ms

info: GET /api/v1/users 304 - - 2.346 ms

info: GET /api/v1/users 304 - - 5.157 ms

info: GET /api/v1/users 304 - - 3.272 ms

info: GET /api/v1/users 304 - - 2.438 ms

info: GET /api/v1/users 304 - - 2.326 ms

info: GET /api/v1/users 304 - - 2.675 ms

info: GET /api/v1/users 304 - - 2.241 ms

info: GET /api/v1/users 304 - - 2.271 ms

info: GET /api/v1/users 304 - - 2.306 ms

info: GET /api/v1/users 304 - - 2.721 ms

info: GET /api/v1/users 304 - - 2.264 ms

info: GET /api/v1/users 304 - - 2.429 ms

info: GET /api/v1/users 304 - - 2.904 ms

info: GET /api/v1/users 304 - - 2.304 ms

info: GET /api/v1/users 304 - - 2.322 ms

info: GET /api/v1/users 304 - - 2.548 ms

info: GET /api/v1/users 304 - - 2.278 ms

info: GET /api/v1/users 304 - - 2.354 ms

info: GET /api/v1/users 304 - - 2.648 ms

info: GET /api/v1/users 304 - - 2.625 ms

info: GET /api/v1/users 304 - - 1.120 ms

info: GET /api/v1/users 304 - - 1.135 ms

info: GET /api/v1/users 304 - - 2.406 ms

info: GET /api/v1/users 304 - - 2.514 ms

info: GET /api/v1/users 304 - - 1.753 ms

info: GET /api/v1/users 304 - - 2.704 ms

info: GET /api/v1/users 304 - - 2.338 ms

info: GET /api/v1/users 304 - - 1.906 ms

info: GET /api/v1/users 304 - - 2.190 ms

info: GET /api/v1/users 304 - - 2.460 ms

info: GET /api/v1/users 304 - - 2.848 ms

info: GET /api/v1/users 304 - - 2.639 ms

info: GET /api/v1/users 304 - - 2.520 ms

info: GET /api/v1/users 304 - - 2.508 ms

info: GET /api/v1/users 304 - - 2.714 ms

info: GET /api/v1/users 304 - - 2.313 ms

info: GET /api/v1/users 304 - - 2.301 ms

info: GET /api/v1/users 304 - - 1.112 ms

info: GET /api/v1/users 304 - - 1.377 ms

info: GET /api/v1/users 304 - - 0.994 ms

info: GET /api/v1/users 304 - - 0.851 ms

info: GET /api/v1/users 304 - - 2.413 ms

info: GET /api/v1/users 304 - - 2.517 ms

info: GET /api/v1/users 304 - - 2.239 ms

info: GET /api/v1/users 304 - - 2.441 ms

info: GET /api/v1/users 304 - - 2.336 ms

info: GET /api/v1/users 304 - - 2.589 ms

info: GET /api/v1/users 304 - - 2.289 ms

info: GET /api/v1/users 304 - - 2.183 ms

info: GET /api/v1/users 304 - - 2.381 ms

info: GET /api/v1/users 304 - - 2.217 ms

info: GET /api/v1/users 304 - - 2.649 ms

info: GET /api/v1/users 304 - - 2.264 ms

info: GET /api/v1/users 304 - - 2.869 ms

info: GET /api/v1/users 304 - - 2.366 ms

info: GET /api/v1/users 304 - - 2.244 ms

info: GET /api/v1/users 304 - - 2.810 ms

info: GET /api/v1/users 304 - - 2.450 ms

info: GET /api/v1/users 304 - - 2.216 ms

info: GET /api/v1/users 304 - - 2.286 ms

info: GET /api/v1/users 304 - - 2.354 ms

info: GET /api/v1/users 304 - - 1.836 ms

info: GET /api/v1/users 304 - - 2.398 ms

info: GET /api/v1/users 304 - - 2.229 ms

info: GET /api/v1/users 304 - - 2.375 ms

info: GET /api/v1/users 304 - - 2.029 ms

info: GET /api/v1/users 304 - - 2.434 ms

info: GET /api/v1/users 304 - - 2.333 ms

info: GET /api/v1/users 304 - - 2.293 ms

info: GET /api/v1/users 304 - - 2.385 ms

info: GET /api/v1/users 304 - - 2.215 ms

info: GET /api/v1/users 304 - - 2.118 ms

info: GET /api/v1/users 304 - - 1.054 ms

info: GET /api/v1/users 304 - - 1.110 ms

info: GET /api/v1/users 304 - - 2.334 ms

info: GET /api/v1/users 304 - - 2.313 ms

info: GET /api/v1/users 304 - - 2.372 ms

info: GET /api/v1/users 304 - - 2.165 ms

info: GET /api/v1/users 304 - - 2.941 ms

info: GET /api/v1/users 304 - - 2.323 ms

info: GET /api/v1/users 304 - - 2.252 ms

info: GET /api/v1/users 304 - - 2.359 ms

info: GET /api/v1/users 304 - - 2.526 ms

info: GET /api/v1/users 304 - - 2.864 ms

info: GET /api/v1/users 304 - - 2.516 ms

info: GET /api/v1/users 304 - - 2.366 ms

info: GET /api/v1/users 304 - - 4.401 ms

info: GET /api/v1/users 304 - - 2.257 ms

info: GET /api/v1/users 304 - - 2.647 ms

info: GET /api/v1/users 304 - - 3.775 ms

info: GET /api/v1/users 304 - - 5.042 ms

info: GET /api/v1/users 304 - - 1.363 ms

info: GET /api/v1/users 304 - - 3.276 ms

info: GET /api/v1/users 304 - - 2.684 ms

info: GET /api/v1/users 304 - - 2.871 ms

info: GET /api/v1/users 304 - - 2.304 ms

info: GET /api/v1/users 304 - - 2.473 ms

info: GET /api/v1/users 304 - - 2.302 ms

info: GET /api/v1/users 304 - - 2.736 ms

info: GET /api/v1/users 304 - - 1.993 ms

info: GET /api/v1/users 304 - - 2.485 ms

info: GET /api/v1/users 304 - - 2.333 ms

info: GET /api/v1/users 304 - - 2.205 ms

info: GET /api/v1/users 304 - - 2.450 ms

info: GET /api/v1/users 304 - - 2.199 ms

info: GET /api/v1/users 304 - - 2.218 ms

info: GET /api/v1/users 304 - - 1.915 ms

info: GET /api/v1/users 304 - - 2.310 ms

info: GET /api/v1/users 304 - - 2.650 ms

info: GET /api/v1/users 304 - - 2.332 ms

info: GET /api/v1/users 304 - - 2.368 ms

info: GET /api/v1/users 304 - - 2.260 ms

info: GET /api/v1/users 304 - - 2.683 ms

info: GET /api/v1/users 304 - - 2.629 ms

info: GET /api/v1/users 304 - - 2.444 ms

info: GET /api/v1/users 304 - - 2.104 ms

info: GET /api/v1/users 304 - - 2.356 ms

info: GET /api/v1/users 304 - - 2.579 ms

info: GET /api/v1/users 304 - - 2.332 ms

info: GET /api/v1/users 304 - - 2.386 ms

info: GET /api/v1/users 304 - - 2.682 ms

info: GET /api/v1/users 304 - - 2.715 ms

info: GET /api/v1/users 304 - - 2.466 ms

info: GET /api/v1/users 304 - - 2.958 ms

info: GET /api/v1/users 304 - - 2.248 ms

info: GET /api/v1/users 304 - - 1.710 ms

info: GET /api/v1/users 304 - - 2.821 ms

info: GET /api/v1/users 304 - - 2.240 ms

info: GET /api/v1/users 304 - - 1.931 ms

info: GET /api/v1/users 304 - - 2.270 ms

info: GET /api/v1/users 304 - - 2.330 ms

info: GET /api/v1/users 304 - - 3.076 ms

info: GET /api/v1/users 304 - - 2.466 ms

info: GET /api/v1/users 304 - - 1.749 ms

info: GET /api/v1/users 304 - - 2.250 ms

info: GET /api/v1/users 304 - - 2.271 ms

info: GET /api/v1/users 304 - - 2.724 ms

info: GET /api/v1/users 304 - - 2.265 ms

info: GET /api/v1/users 304 - - 2.351 ms

info: GET /api/v1/users 304 - - 2.859 ms

info: GET /api/v1/users 304 - - 2.655 ms

info: GET /api/v1/users 304 - - 1.394 ms

info: GET /api/v1/users 304 - - 1.817 ms

info: GET /api/v1/users 304 - - 1.083 ms

info: GET /api/v1/users 304 - - 1.187 ms

info: GET /api/v1/users 304 - - 1.769 ms

info: GET /api/v1/users 304 - - 2.335 ms

info: GET /api/v1/users 304 - - 3.127 ms

info: GET /api/v1/users 304 - - 2.207 ms

info: GET /api/v1/users 304 - - 2.085 ms

info: GET /api/v1/users 304 - - 2.619 ms

info: GET /api/v1/users 304 - - 2.372 ms

info: GET /api/v1/users 304 - - 2.483 ms

info: GET /api/v1/users 304 - - 2.296 ms

info: GET /api/v1/users 304 - - 2.349 ms

info: GET /api/v1/users 304 - - 2.314 ms

info: GET /api/v1/users 304 - - 2.284 ms

info: GET /api/v1/users 304 - - 2.282 ms

info: GET /api/v1/users 304 - - 3.219 ms

info: GET /api/v1/users 304 - - 2.321 ms

info: GET /api/v1/users 304 - - 2.143 ms

info: GET /api/v1/users 304 - - 2.559 ms

info: GET /api/v1/users 304 - - 2.288 ms

info: GET /api/v1/users 304 - - 2.367 ms

info: GET /api/v1/users 304 - - 1.967 ms

info: GET /api/v1/users 304 - - 2.737 ms

info: GET /api/v1/users 304 - - 2.491 ms

info: GET /api/v1/users 304 - - 2.221 ms

info: GET /api/v1/users 304 - - 1.753 ms

info: GET /api/v1/users 304 - - 1.035 ms

info: GET /api/v1/users 304 - - 2.368 ms

info: GET /api/v1/users 304 - - 2.468 ms

info: GET /api/v1/users 304 - - 3.156 ms

info: GET /api/v1/users 304 - - 2.609 ms

info: GET /api/v1/users 304 - - 2.400 ms

info: GET /api/v1/users 304 - - 2.225 ms

info: GET /api/v1/users 304 - - 1.099 ms

info: GET /api/v1/users 304 - - 1.105 ms

info: GET /api/v1/users 304 - - 2.406 ms

info: GET /api/v1/users 304 - - 2.230 ms

info: GET /api/v1/users 304 - - 2.675 ms

info: GET /api/v1/users 304 - - 2.267 ms

info: GET /api/v1/users 304 - - 2.377 ms

info: GET /api/v1/users 304 - - 2.732 ms

info: GET /api/v1/users 304 - - 2.478 ms

info: GET /api/v1/users 304 - - 2.248 ms

info: GET /api/v1/users 304 - - 2.469 ms

info: GET /api/v1/users 304 - - 2.399 ms

info: GET /api/v1/users 304 - - 2.349 ms

info: GET /api/v1/users 304 - - 4.755 ms

info: GET /api/v1/users 304 - - 2.496 ms

info: GET /api/v1/users 304 - - 2.294 ms

info: GET /api/v1/users 304 - - 2.329 ms

info: GET /api/v1/users 304 - - 1.087 ms

info: GET /api/v1/users 304 - - 1.205 ms

info: GET /api/v1/users 304 - - 1.042 ms

info: GET /api/v1/users 304 - - 1.209 ms

info: GET /api/v1/users 304 - - 2.265 ms

info: GET /api/v1/users 304 - - 2.764 ms

info: GET /api/v1/users 304 - - 2.676 ms

info: GET /api/v1/users 304 - - 2.363 ms

info: GET /api/v1/users 304 - - 2.315 ms

info: GET /api/v1/users 304 - - 2.202 ms

info: GET /api/v1/users 304 - - 2.305 ms

info: GET /api/v1/users 304 - - 2.674 ms

info: GET /api/v1/users 304 - - 2.345 ms

info: GET /api/v1/users 304 - - 2.245 ms

info: GET /api/v1/users 304 - - 5.520 ms

info: GET /api/v1/users 304 - - 2.411 ms

info: GET /api/v1/users 304 - - 2.325 ms

info: GET /api/v1/users 304 - - 3.479 ms

info: GET /api/v1/users 304 - - 2.217 ms

info: GET /api/v1/users 304 - - 2.370 ms

info: GET /api/v1/users 304 - - 1.762 ms

info: GET /api/v1/users 304 - - 2.282 ms

info: GET /api/v1/users 304 - - 2.521 ms

info: GET /api/v1/users 304 - - 2.247 ms

info: GET /api/v1/users 304 - - 1.729 ms

info: GET /api/v1/users 304 - - 2.239 ms

info: GET /api/v1/users 304 - - 2.170 ms

info: GET /api/v1/users 304 - - 2.699 ms

info: GET /api/v1/users 304 - - 1.887 ms

info: GET /api/v1/users 304 - - 2.865 ms

info: GET /api/v1/users 304 - - 2.160 ms

info: GET /api/v1/users 304 - - 2.362 ms

info: GET /api/v1/users 304 - - 4.467 ms

info: GET /api/v1/users 304 - - 2.443 ms

info: GET /api/v1/users 304 - - 2.595 ms

info: GET /api/v1/users 304 - - 1.070 ms

info: GET /api/v1/users 304 - - 1.518 ms

info: GET /api/v1/users 304 - - 2.328 ms

info: GET /api/v1/users 304 - - 2.425 ms

info: GET /api/v1/users 304 - - 2.373 ms

info: GET /api/v1/users 304 - - 2.244 ms

info: GET /api/v1/users 304 - - 2.512 ms

info: GET /api/v1/users 304 - - 2.238 ms

info: GET /api/v1/users 304 - - 2.265 ms

info: GET /api/v1/users 304 - - 2.334 ms

info: GET /api/v1/users 304 - - 2.286 ms

info: GET /api/v1/users 304 - - 2.572 ms

info: GET /api/v1/users 304 - - 2.295 ms

info: GET /api/v1/users 304 - - 2.401 ms

info: GET /api/v1/users 304 - - 1.736 ms

info: GET /api/v1/users 304 - - 2.358 ms

info: GET /api/v1/users 304 - - 2.312 ms

info: GET /api/v1/users 304 - - 1.333 ms

info: GET /api/v1/users 304 - - 1.181 ms

info: GET /api/v1/users 304 - - 1.087 ms

info: GET /api/v1/users 304 - - 0.919 ms

info: GET /api/v1/users 304 - - 1.745 ms

info: GET /api/v1/users 304 - - 2.165 ms

info: GET /api/v1/users 304 - - 1.795 ms

info: GET /api/v1/users 304 - - 2.139 ms

info: GET /api/v1/users 304 - - 2.169 ms

info: GET /api/v1/users 304 - - 2.207 ms

info: GET /api/v1/users 304 - - 2.293 ms

info: GET /api/v1/users 304 - - 2.185 ms

info: GET /api/v1/users 304 - - 2.385 ms

info: GET /api/v1/users 304 - - 2.849 ms

info: GET /api/v1/users 304 - - 2.624 ms

info: GET /api/v1/users 304 - - 2.192 ms

info: GET /api/v1/users 304 - - 2.594 ms

info: GET /api/v1/users 304 - - 2.792 ms

info: GET /api/v1/users 304 - - 2.534 ms

info: GET /api/v1/users 304 - - 2.705 ms

info: GET /api/v1/users 304 - - 2.432 ms

info: GET /api/v1/users 304 - - 2.204 ms

info: GET /api/v1/users 304 - - 2.229 ms

info: GET /api/v1/users 304 - - 2.469 ms

info: GET /api/v1/users 304 - - 2.220 ms

info: GET /api/v1/users 304 - - 2.810 ms

info: GET /api/v1/users 304 - - 2.300 ms

info: GET /api/v1/users 304 - - 2.487 ms

info: GET /api/v1/users 304 - - 2.237 ms

info: GET /api/v1/users 304 - - 2.193 ms

info: GET /api/v1/users 304 - - 2.493 ms

info: GET /api/v1/users 304 - - 2.572 ms

info: GET /api/v1/users 304 - - 2.470 ms

info: GET /api/v1/users 304 - - 2.620 ms

info: GET /api/v1/users 304 - - 2.235 ms

info: GET /api/v1/users 304 - - 1.055 ms

info: GET /api/v1/users 304 - - 1.245 ms

info: GET /api/v1/users 304 - - 2.221 ms

info: GET /api/v1/users 304 - - 2.395 ms

info: GET /api/v1/users 304 - - 2.496 ms

info: GET /api/v1/users 304 - - 2.259 ms

info: GET /api/v1/users 304 - - 2.658 ms

info: GET /api/v1/users 304 - - 1.083 ms

info: GET /api/v1/users 304 - - 0.990 ms

info: GET /api/v1/users 304 - - 1.551 ms

info: GET /api/v1/users 304 - - 1.810 ms

info: GET /api/v1/users 304 - - 0.945 ms

info: GET /api/v1/users 304 - - 0.929 ms

info: GET /api/v1/users 304 - - 0.938 ms

info: GET /api/v1/users 304 - - 1.027 ms

info: GET /api/v1/users 304 - - 0.887 ms

info: GET /api/v1/users 304 - - 1.850 ms

info: GET /api/v1/users 304 - - 1.169 ms

info: GET /api/v1/users 304 - - 1.302 ms

info: GET /api/v1/users 304 - - 1.011 ms

info: GET /api/v1/users 304 - - 0.941 ms

info: GET /api/v1/users 304 - - 2.122 ms

info: GET /api/v1/users 304 - - 2.934 ms

info: GET /api/v1/users 304 - - 2.508 ms

info: GET /api/v1/users 304 - - 2.961 ms

info: GET /api/v1/users 304 - - 6.259 ms

info: GET /api/v1/users 304 - - 5.609 ms

info: GET /api/v1/users 304 - - 2.087 ms

info: GET /api/v1/users 304 - - 3.802 ms

info: GET /api/v1/users 304 - - 4.065 ms

info: GET /api/v1/users 304 - - 5.344 ms

info: GET /api/v1/users 304 - - 2.168 ms

info: GET /api/v1/users 304 - - 4.243 ms

info: GET /api/v1/users 304 - - 2.449 ms

info: GET /api/v1/users 304 - - 2.407 ms

info: GET /api/v1/users 304 - - 1.267 ms

info: GET /api/v1/users 304 - - 3.256 ms

info: GET /api/v1/users 304 - - 1.101 ms

info: GET /api/v1/users 304 - - 1.105 ms

info: GET /api/v1/users 304 - - 1.285 ms

info: GET /api/v1/users 304 - - 3.837 ms

info: GET /api/v1/users 304 - - 1.059 ms

info: GET /api/v1/users 304 - - 1.012 ms

info: GET /api/v1/users 304 - - 1.054 ms

info: GET /api/v1/users 304 - - 1.190 ms

info: GET /api/v1/users 304 - - 1.001 ms

info: GET /api/v1/users 304 - - 1.138 ms

info: GET /api/v1/users 304 - - 1.018 ms

info: GET /api/v1/users 304 - - 1.367 ms

info: GET /api/v1/users 304 - - 10.687 ms

info: GET /api/v1/users 304 - - 80.978 ms

info: GET /api/v1/users 304 - - 2.875 ms

info: GET /api/v1/users 304 - - 26.792 ms

info: GET /api/v1/users 304 - - 7.323 ms

info: GET /api/v1/books 304 - - 32.459 ms

info: GET /api/v1/users 304 - - 3.050 ms

info: GET /api/v1/users 304 - - 15.882 ms

info: POST /api/v1/users/google-login 201 222 - 601.526 ms

info: GET /api/v1/users 304 - - 15.072 ms

info: GET /api/v1/users 304 - - 1.869 ms

info: GET /api/v1/books 304 - - 34.839 ms

info: GET /api/v1/users 304 - - 6.172 ms

info: GET /api/v1/users 304 - - 67.024 ms

info: GET /api/v1/users 304 - - 22.962 ms

info: GET /api/v1/books 304 - - 39.759 ms

info: GET /api/v1/users 304 - - 2.413 ms

info: GET /api/v1/users 304 - - 7.151 ms

info: POST /api/v1/users/google-login 201 222 - 47.427 ms

info: GET /api/v1/users 304 - - 15.199 ms

info: GET /api/v1/users 304 - - 1.746 ms

info: GET /api/v1/books 304 - - 12.607 ms

info: GET /api/v1/users 304 - - 2.991 ms

info: POST /api/v1/users/google-login 201 222 - 91.988 ms

info: GET /api/v1/users 304 - - 5.139 ms

info: GET /api/v1/users 304 - - 18.814 ms

info: GET /api/v1/books 304 - - 28.927 ms

info: GET /api/v1/users 304 - - 2.803 ms

info: GET /api/v1/users 304 - - 3.798 ms

info: PUT /api/v1/books/addToCart 200 43 - 36.779 ms

info: GET /api/v1/users 200 976 - 7.714 ms

info: GET /api/v1/users 304 - - 4.339 ms

info: PUT /api/v1/books/removeFromCart 200 47 - 10.232 ms

info: GET /api/v1/users 200 286 - 3.021 ms

